do run
loading script "jan_co2_whiff_400_120_large.py"
loading script "jan_pump_ms.py"
loading script "jan_co2.py"
loading script "jan_pump_extraction_line.py"
testing...
no interpolation path defined
executed snippet estimated_duration=543.96, duration=0.000240087509155
script duration name:co2_whiff_400_120_large seconds:544.0
loading script "jan_co2_whiff_400_120_large.py"
loading script "jan_pump_ms.py"
loading script "jan_co2.py"
loading script "jan_pump_extraction_line.py"
testing...
no interpolation path defined
executed snippet estimated_duration=0, duration=2.09808349609e-05
loading script "jan_co2_whiff_400_120_large.py"
loading script "jan_pump_ms.py"
loading script "jan_co2.py"
loading script "jan_pump_extraction_line.py"
testing...
no interpolation path defined
calculate duration
testing...
no interpolation path defined
executed snippet estimated_duration=0, duration=4.6968460083e-05
calculate duration
testing...
no interpolation path defined
executed snippet estimated_duration=0, duration=9.60826873779e-05
executed snippet estimated_duration=0.0, duration=0.00241303443909
script duration name:co2 seconds:0.0
loading script "jan_co2_whiff_400_120_large.py"
loading script "jan_pump_ms.py"
loading script "jan_co2.py"
loading script "jan_pump_extraction_line.py"
testing...
no interpolation path defined
calculate duration
testing...
no interpolation path defined
executed snippet estimated_duration=4.0, duration=0.000133037567139
executed snippet estimated_duration=4.0, duration=0.001305103302
Script duration 544.0
Run total estimated duration= 545.000
run duration: 0:09:05
doing event level: 2
06:49:48 -- Setting default integration. t=1.048576
setting integration time = 1.048576
SetIntegrationTime 1.048576 ===>> OK
----------------- start -----------------
**************** Experiment Type: Ar/Ar, Ar/Ar
create new session 4957035120
close session 4957035120
$$$$$ Clearing conditionals
adding conditionals 
Add queue conditionals
add default conditionals
adding default conditionals from /Users/jan/PychronDev/setupfiles/spectrometer/default_conditionals.yaml
Start automated run 65797-39
loading script "jan_co2_whiff_400_120_large.py"
loading script "jan_pump_ms.py"
loading script "jan_co2.py"
loading script "jan_pump_extraction_line.py"
%%%%%%%%%%%%%%%%%% setting automated run 65797-39
No value "sensitivity_multiplier" in metadata
$$$$$$$$$$$$$$$ auto_save_detector_ic=False
============================= Pre Extraction Check =============================
loading queue conditionals pre_run_terminations
loading system conditionals pre_run_terminations
loading conditionals from /Users/jan/PychronDev/setupfiles/spectrometer/default_conditionals.yaml
06:49:49 -- ******* Pre Extraction Check *******
Get a measurement from the spectrometer
Pre Extraction Termination data. keys=H2,H1,AX,L1,L2,CDD, signals=-0.10121,0.11181,0.14566,0.01965,0.05198,0.00401
06:49:49 -- testing system defined conditionals
Checking default pre extraction terminations n=2
testing CDD
evaluate ot="CDD.inactive" t="CDD", ctx="{'CDD': False}"
GetDeflection CDD ===>> 50
testing CDD==2000
evaluate ot="CDD.deflection==2000" t="CDD==2000", ctx="{'CDD': 50.0}"
06:49:49 -- ******* Pre Extraction Check Passed *******
=================================================================================
06:49:49 -- stopping status monitor
stop 4935480816
Status monitor stopped
Status monitor finished
06:49:50 -- starting status monitor
start 4935480816
StatusMonitor period=1. Frequencies(state=2, checksum=3, lock=5, owner=5)
start extraction
do extraction
Analysis started at 06:49:52.249992
Extraction Started jan_co2.py
06:49:52 -- ******* Extraction Started jan_co2.py *******
state changed from not run to extraction
DO EXTRACTION <pychron.extraction_line.pyscript_runner.RemotePyScriptRunner object at 0x129edc950>
testing...
no interpolation path defined
calculate duration
testing...
no interpolation path defined
executed snippet estimated_duration=0, duration=6.50882720947e-05
calculate duration
testing...
no interpolation path defined
executed snippet estimated_duration=0, duration=0.000111103057861
executed snippet estimated_duration=100.0, duration=0.00382614135742
Jan CO2 laser analysis
doing GOSUB
testing...
no interpolation path defined
executed snippet estimated_duration=0, duration=4.00543212891e-05
Waiting for CO2 access
wait ('FelixCO2Flag', 0) {}
waiting for FelixCO2Flag = 0
Read FelixCO2Flag ===>> 0
finished waiting
CO2 free
wait ('CO2PumpTimeFlag', 0) {}
waiting for CO2PumpTimeFlag = 0
Read CO2PumpTimeFlag ===>> 0
finished waiting
acquire ('JanCO2Flag',) {'clear': True}
acquire JanCO2Flag
Set JanCO2Flag 1 ===>> OK
JanCO2Flag acquired
set extraction state False (0.75, 'red', 1.5)
CO2 acquired
executed snippet estimated_duration=0, duration=0.0187780857086
WaitForCO2Access.py completed successfully
gosub finished
doing GOSUB
testing...
no interpolation path defined
executed snippet estimated_duration=0, duration=9.58442687988e-05
Prepare for CO2 analysis
close () {'description': 'Jan Inlet'}
close name=--- desc=Jan Inlet
checking ownership. requestor=129.138.12.150
check software interlocks R
interlocks []
actuate state mode=None-script, software_lock=False
doing actuation None-script close_channel False
Close R ===>> OK
GetIndicatorState R ===>> False
change switch state (True, True)
update switch state R False args=() kw={} ncanvase=7
06:49:52 -- CLOSE  VALVE-R (Jan Inlet)
-------------------------- close None (Jan Inlet) result=[(True, True)]
action=close, ok=True, locked=[False]
open () {'description': 'Jan Ion Pump'}
open name=--- desc=Jan Ion Pump
checking ownership. requestor=129.138.12.150
check software interlocks O
interlocks []
actuate state mode=None-script, software_lock=False
doing actuation None-script open_channel False
Open O ===>> OK
GetIndicatorState O ===>> OK
change switch state (True, True)
update switch state O True args=() kw={} ncanvase=7
06:49:53 -- OPEN   VALVE-O (Jan Ion Pump)
-------------------------- open None (Jan Ion Pump) result=[(True, True)]
action=open, ok=True, locked=[False]
close () {'description': 'Microbone to Minibone'}
close name=--- desc=Microbone to Minibone
checking ownership. requestor=129.138.12.150
check software interlocks L
interlocks []
actuate state mode=None-script, software_lock=False
doing actuation None-script close_channel False
Close L ===>> OK
GetIndicatorState L ===>> False
change switch state (True, True)
update switch state L False args=() kw={} ncanvase=7
06:49:54 -- CLOSE  VALVE-L (Microbone to Minibone)
-------------------------- close None (Microbone to Minibone) result=[(True, True)]
action=close, ok=True, locked=[False]
open () {'description': 'Microbone to Turbo'}
open name=--- desc=Microbone to Turbo
checking ownership. requestor=129.138.12.150
check software interlocks U
interlocks []
actuate state mode=None-script, software_lock=False
doing actuation None-script open_channel False
Open U ===>> OK
GetIndicatorState U ===>> OK
change switch state (True, True)
update switch state U True args=() kw={} ncanvase=7
06:49:54 -- OPEN   VALVE-U (Microbone to Turbo)
-------------------------- open None (Microbone to Turbo) result=[(True, True)]
action=open, ok=True, locked=[False]
open () {'description': 'Microbone to Inlet Pipette'}
open name=--- desc=Microbone to Inlet Pipette
checking ownership. requestor=129.138.12.150
check software interlocks S
interlocks []
actuate state mode=None-script, software_lock=False
doing actuation None-script open_channel False
Open S ===>> OK
GetIndicatorState S ===>> OK
change switch state (True, True)
update switch state S True args=() kw={} ncanvase=7
06:49:55 -- OPEN   VALVE-S (Microbone to Inlet Pipette)
-------------------------- open None (Microbone to Inlet Pipette) result=[(True, True)]
action=open, ok=True, locked=[False]
open () {'description': 'Microbone to Getter D-50'}
open name=--- desc=Microbone to Getter D-50
checking ownership. requestor=129.138.12.150
check software interlocks K
interlocks []
actuate state mode=None-script, software_lock=False
doing actuation None-script open_channel False
Open K ===>> OK
GetIndicatorState K ===>> OK
change switch state (True, True)
update switch state K True args=() kw={} ncanvase=7
06:49:55 -- OPEN   VALVE-K (Microbone to Getter D-50)
-------------------------- open None (Microbone to Getter D-50) result=[(True, True)]
action=open, ok=True, locked=[False]
open () {'description': 'Microbone to Getter NP-10'}
open name=--- desc=Microbone to Getter NP-10
checking ownership. requestor=129.138.12.150
check software interlocks M
interlocks []
actuate state mode=None-script, software_lock=False
doing actuation None-script open_channel False
Open M ===>> OK
GetIndicatorState M ===>> OK
change switch state (True, True)
update switch state M True args=() kw={} ncanvase=7
06:49:56 -- OPEN   VALVE-M (Microbone to Getter NP-10)
-------------------------- open None (Microbone to Getter NP-10) result=[(True, True)]
action=open, ok=True, locked=[False]
close () {'description': 'CO2 Laser to Felix'}
close name=--- desc=CO2 Laser to Felix
checking ownership. requestor=129.138.12.150
check software interlocks F
interlocks []
actuate state mode=None-script, software_lock=True
VALVE-F(CO2 Laser to Felix) software locked
change switch state (True, False)
-------------------------- close None (CO2 Laser to Felix) result=[(True, False)]
action=close, ok=True, locked=[True]
open () {'description': 'CO2 Laser to Jan'}
open name=--- desc=CO2 Laser to Jan
checking ownership. requestor=129.138.12.150
check software interlocks A
interlocks []
actuate state mode=None-script, software_lock=False
doing actuation None-script open_channel False
Open A ===>> OK
GetIndicatorState A ===>> OK
change switch state (True, True)
update switch state A True args=() kw={} ncanvase=7
06:49:57 -- OPEN   VALVE-A (CO2 Laser to Jan)
-------------------------- open None (CO2 Laser to Jan) result=[(True, True)]
action=open, ok=True, locked=[False]
open () {'description': 'Microbone to CO2 Laser'}
open name=--- desc=Microbone to CO2 Laser
checking ownership. requestor=129.138.12.150
check software interlocks T
interlocks []
actuate state mode=None-script, software_lock=False
doing actuation None-script open_channel False
Open T ===>> OK
GetIndicatorState T ===>> OK
change switch state (True, True)
update switch state T True args=() kw={} ncanvase=7
06:49:57 -- OPEN   VALVE-T (Microbone to CO2 Laser)
-------------------------- open None (Microbone to CO2 Laser) result=[(True, True)]
action=open, ok=True, locked=[False]
executed snippet estimated_duration=0, duration=5.71572303772
PrepareForCO2Analysis.py completed successfully
gosub finished
set_motor ('beam', '1.25') {}
setting motor "beam" to 1.25
set motor beam to 1.25
SetMotor beam,1.25 ===>> OK
GetMotorMoving beam ===>> False
GetMotorMoving beam ===>> False
Block completed
move_to_position ('150',) {'autocenter': True}
FusionsCO2 move to position 150
sending GoToHole 150,True
GoToHole 150,True ===>> OK
GetDriveMoving ===>> OK
GetDriveMoving ===>> OK
GetDriveMoving ===>> OK
GetDriveMoving ===>> OK
GetDriveMoving ===>> OK
GetDriveMoving ===>> OK
GetDriveMoving ===>> OK
GetDriveMoving ===>> False
GetDriveMoving ===>> OK
GetDriveMoving ===>> OK
GetDriveMoving ===>> OK
GetDriveMoving ===>> OK
GetDriveMoving ===>> OK
GetDriveMoving ===>> OK
GetDriveMoving ===>> OK
GetDriveMoving ===>> False
Block completed
GetAutoCorrecting ===>> False
GetAutoCorrecting ===>> False
Block completed
update position
GetPosition ===>> 9.96950,-3.98780,1.00000
got position (9.9695, -3.9878, 1.0)
move to position succeeded
sleep (5,) {}
SLEEP 5.0
block started
WaitControl setup for 5.0  
Join finished
block finished. duration 5.03381896019
close () {'description': 'Microbone to Turbo'}
close name=--- desc=Microbone to Turbo
checking ownership. requestor=129.138.12.150
check software interlocks U
interlocks []
actuate state mode=None-script, software_lock=False
doing actuation None-script close_channel True
Close U ===>> OK
GetIndicatorState U ===>> False
change switch state (True, True)
update switch state U False args=() kw={} ncanvase=7
06:50:10 -- CLOSE  VALVE-U (Microbone to Turbo)
-------------------------- close None (Microbone to Turbo) result=[(True, True)]
action=close, ok=True, locked=[False]
enable laser
enable () {}
set extraction state FusionsCO2 Enabled (False, 'red', 1.5)
enabling laser
Enable ===>> OK
begin interval
BEGIN INTERVAL Interval 1 waiting for 30.0
block started
WaitControl setup for 30.0  
set extract to 4.5
extract (4.5,) {}
GetPosition ===>> 9.96950,-3.98780,1.00000
set extraction state FusionsCO2 ON! 4.5(watts) (0.75, 'red', 1.5)
extract sample to 4.5 (watts)
set laser output
SetLaserOutput 4.5,watts ===>> OK
executing pattern triangle.lp
execute_pattern ('triangle.lp',) {}
executing pattern triangle.lp
IsPatterning ===>> OK
IsPatterning ===>> OK
IsPatterning ===>> OK
IsPatterning ===>> OK
IsPatterning ===>> OK
IsPatterning ===>> OK
IsPatterning ===>> OK
IsPatterning ===>> OK
IsPatterning ===>> OK
IsPatterning ===>> OK
IsPatterning ===>> OK
IsPatterning ===>> OK
IsPatterning ===>> OK
IsPatterning ===>> OK
IsPatterning ===>> OK
IsPatterning ===>> OK
IsPatterning ===>> OK
IsPatterning ===>> OK
IsPatterning ===>> OK
IsPatterning ===>> OK
IsPatterning ===>> OK
IsPatterning ===>> OK
IsPatterning ===>> OK
IsPatterning ===>> OK
IsPatterning ===>> OK
IsPatterning ===>> OK
IsPatterning ===>> False
IsPatterning ===>> False
Block completed
COMPLETE INTERVAL waiting for Interval 1 to complete
Join finished
block finished. duration 30.2131831646
Interval 1 finished
end_extract () {}
ending extraction. set laser power to 0
set laser power 0
SetLaserPower 0 ===>> OK
disable () {}
%%%%%%%%%%%%%%%%%%%%%%%%%%%%%%%%%%% disable
set extraction state False (0.75, 'red', 1.5)
disabling laser
Disable ===>> OK
sleep (30.0,) {}
SLEEP 30.0
block started
WaitControl setup for 30.0  
Join finished
block finished. duration 30.140100956
executed snippet estimated_duration=166.0, duration=79.6168198586
jan_co2.py completed successfully
GetAchievedOutput ===>> No Response
Requested Output= 0.000
Achieved Output=  0.000
GetResponseBlob ===>> No Response
GetOutputBlob ===>> No Response
persistence save...
persistence save - db
AutomatedRunPersister post_extraction_save deprecated
persistence save - dvc
no extraction position for 150
not connected to db mysql://janexp@129.138.12.160/labspy
Enviromentals: {'lab_humiditys': [{'device': 'EnvironmentalMonitor',
                    'name': 'Lab Hum.',
                    'pub_date': '2017-08-30T06:50:15',
                    'title': 'iServer Hum.',
                    'value': 53.3}],
 'lab_pneumatics': [{'device': 'AirPressure',
                     'name': 'Pressure',
                     'pub_date': '2017-08-30T06:49:31',
                     'title': None,
                     'value': 90.45},
                    {'device': 'AirPressure2',
                     'name': 'Pressure2',
                     'pub_date': '2017-08-30T06:49:34',
                     'title': None,
                     'value': 91.19656}],
 'lab_temperatures': [{'device': 'EnvironmentalMonitor',
                       'name': 'Lab Temp.',
                       'pub_date': '2017-08-30T05:21:55',
                       'title': 'iServer Temp.',
                       'value': 71.0},
                      {'device': 'Chiller',
                       'name': 'Coolant Temp.',
                       'pub_date': '2017-08-30T06:48:55',
                       'title': None,
                       'value': 18.0555555555556}]}
Extraction Finished
06:51:14 -- ******* Extraction Finished *******
no overlap. not waiting for min ms pumptime
06:51:14 -- Sending spectrometer configuration
======== Sending configuration ========
SetDeflection CDD,50.0 ===>> OK
SetDeflection H2,0.0 ===>> OK
SetDeflection H1,0.0 ===>> OK
SetDeflection L2,825.0 ===>> OK
SetDeflection L1,400.0 ===>> OK
SetDeflection AX,190.0 ===>> OK
SetZFocus 74.64 ===>> OK
SetZSymmetry -50.72 ===>> OK
SetExtractionLens 26.13 ===>> OK
SetIonRepeller -3.81 ===>> OK
SetElectronEnergy 75.08 ===>> OK
SetYSymmetry -2.81 ===>> OK
SetIonCounterVoltage 1590.0 ===>> OK
send trap current 200.0
GetParameter Trap Current Readback ===>> 197.699505585058
SetParameter Trap Current Set,200.0 ===>> OK
updating mftable name mftable
Using mftable located at /Users/jan/PychronDev/setupfiles/spectrometer/mftables/mftable.csv
============ MFtable ===========
Isotope  H2     H1     AX     L1     L2     CDD    
Ar40     6.0540 5.8776 5.9914 6.1925 6.2288 6.6778
Ar39     6.0089 5.7685 6.0555 6.3356 6.1116 6.5643
Ar36     5.6864 5.4375 5.7188 5.9945 5.7665 6.2154
================================
get initial guess parabolic
get initial guess parabolic
get initial guess parabolic
get initial guess parabolic
get initial guess parabolic
get initial guess parabolic
======== Configuration Finished ========
GetYSymmetry ===>> -2.81
GetZSymmetry ===>> -50.72
GetParameter Trap Current Readback ===>> 198.370811206739
GetHighVoltage ===>> 4499.94659342336
start measurement
do measurement
L#=65797 analysis type=unknown
Measurement Started jan_co2_whiff_400_120_large.py
06:51:14 -- ******* Measurement Started jan_co2_whiff_400_120_large.py *******
state changed from extraction to measurement
setting trap, emission, spec, defl, and gains
GetExtractionLens ===>> 26.13
GetYSymmetry ===>> -2.81
GetZSymmetry ===>> -50.72
GetZFocus ===>> 74.64
GetDeflection H2 ===>> 0
GetDeflection H1 ===>> 0
GetDeflection AX ===>> 190
GetDeflection L1 ===>> 400
GetDeflection L2 ===>> 825
GetDeflection CDD ===>> 50
GetGain H2 ===>> 0.0113
GetGain H1 ===>> 0.1
GetGain AX ===>> 0.09645
GetGain L1 ===>> 0.010309
GetGain L2 ===>> 0.091218
GetGain CDD ===>> 0
GetParameter Trap Current Readback ===>> 198.147042666178
GetParameter Source Current Readback ===>> 549.738570469389
pre measurement save
New frame /Users/jan/PychronDev/data/isotopes/7b/2e1d1c-e998-4e0c-9330-21903e818600.h5
flush and close file /Users/jan/PychronDev/data/isotopes/7b/2e1d1c-e998-4e0c-9330-21903e818600.h5
testing...
no interpolation path defined
executed snippet estimated_duration=543.96, duration=0.000355005264282
co2 whiff measurement script
activate_detectors ('H2', 'H1', 'AX', 'L1', 'L2', 'CDD') {}
activate detectors
*************** Set Analysis View Ar/Ar
create graphs
clearing graphs
clear isotope group
setting isotope det=H2, iso=Ar41
setting isotope det=H1, iso=Ar40
setting isotope det=AX, iso=Ar39
setting isotope det=L1, iso=Ar38
setting isotope det=L2, iso=Ar37
setting isotope det=CDD, iso=Ar36
setting previous blanks
 - setting Ar41 blank 0.024+/-0.004
 - setting Ar40 blank 0.352+/-0.007
 - setting Ar36 blank 0.00380+/-0.00017
 - setting Ar37 blank 0.050+/-0.005
 - setting Ar38 blank 0.0051+/-0.0024
 - setting Ar39 blank 0.036+/-0.009
load analysis view
position_magnet ('Ar40',) {'detector': 'H1'}
detector Detector(H1)
POSITION Ar40 H1
setting detector H2 to Ar41 (40.9624)
setting detector H1 to Ar40 (39.9624)
setting detector AX to Ar39 (38.9624)
setting detector L1 to Ar38 (37.9624)
setting detector L2 to Ar37 (36.9624)
setting detector CDD to Ar36 (35.9624)
Mapping mass to dac mass func: "parabolic"
H1 map mass coeffs = [ -3.11428344e-04   1.33794662e-01   1.02817323e+00]
H1 map mass to dac 39.9624 >> 5.87758
GetDeflection H1 ===>> 0
GetHighVoltage ===>> 4499.94659342336
positioning Ar40 (5.87754538748) on H1
setting magnet DAC
current  : 5.877543
requested: 5.877545
Delta Dac: 0.000003
Checking detector protection. dv=0.00000
Checking detector "CDD". Protection Threshold: 0.5 (V)
SetMagnetDAC 5.87754538748 ===>> OK
Magnet settling time: 0.500 0.500
Magnet settling complete
set_dac. change=True
close ('S',) {}
close name=S desc=---
checking ownership. requestor=129.138.12.150
check software interlocks S
interlocks []
actuate state mode=None-script, software_lock=False
doing actuation None-script close_channel True
Close S ===>> OK
set states for children of S. state=False
handle state [('S', False)]
update switch state S False args=() kw={'refresh': False} ncanvase=7
GetIndicatorState S ===>> False
change switch state (True, True)
update switch state S False args=() kw={} ncanvase=7
refresh_canvas_needed fired
06:51:16 -- CLOSE  VALVE-S (Microbone to Inlet Pipette)
-------------------------- close S () result=[(True, True)]
action=close, ok=True, locked=[False]
equilibrate () {'do_post_equilibration': False, 'inlet': 'R', 'outlet': 'O', 'eqtime': 4}
Equilibration Started
06:51:16 -- ******* Equilibration Started *******
update labels <pychron.experiment.plot_panel.PlotPanel object at 0x1f11c5cb0>
update labels "<pychron.graph.stacked_regression_graph.StackedRegressionGraph object at 0x1f9688a70>"
checking ownership. requestor=129.138.12.150
setting label 0 H2 Ar41
check software interlocks O
setting label 1 H1 Ar40
interlocks []
setting label 2 AX Ar39
actuate state mode=None-script, software_lock=False
setting label 3 L1 Ar38
doing actuation None-script close_channel True
setting label 4 L2 Ar37
setting label 5 CDD Ar36
update labels "<pychron.graph.stacked_graph.StackedGraph object at 0x1c73065f0>"
setting label 0 H2 Ar41
setting label 1 H1 Ar40
setting label 2 AX Ar39
setting label 3 L1 Ar38
setting label 4 L2 Ar37
setting label 5 CDD Ar36
Close O ===>> OK
GetIndicatorState O ===>> False
change switch state (True, True)
update switch state O False args=() kw={} ncanvase=7
06:51:17 -- CLOSE  VALVE-O (Jan Ion Pump)
waiting 3s before opening inlet value ('R',)
checking ownership. requestor=129.138.12.150
check software interlocks R
interlocks []
actuate state mode=None-script, software_lock=False
doing actuation None-script open_channel True
Open R ===>> OK
GetIndicatorState R ===>> OK
change switch state (True, True)
update switch state R True args=() kw={} ncanvase=7
06:51:20 -- OPEN   VALVE-R (Jan Inlet)
set_time_zero (0,) {}
equilibrating for 4sec
sniff (4,) {}
py_sniff
build tables- sniff [Detector(H2), Detector(H1), Detector(AX), Detector(L1), Detector(L2), Detector(CDD)]
add group /sniff/Ar41 (Group) '' table H2
add group /sniff/Ar40 (Group) '' table H1
add group /sniff/Ar39 (Group) '' table AX
add group /sniff/Ar38 (Group) '' table L1
add group /sniff/Ar37 (Group) '' table L2
add group /sniff/Ar36 (Group) '' table CDD
flush and close file /Users/jan/PychronDev/data/isotopes/7b/2e1d1c-e998-4e0c-9330-21903e818600.h5
measuring sniff. ncounts=4
"sniff" increment series count="1" fit count="0" regressing="False"
starting measurement
Equilibration Finished
06:51:24 -- ******* Equilibration Finished *******
checking ownership. requestor=129.138.12.150
check software interlocks R
interlocks []
actuate state mode=None-script, software_lock=False
doing actuation None-script close_channel True
Close R ===>> OK
set states for children of R. state=False
handle state [('R', False)]
update switch state R False args=() kw={'refresh': False} ncanvase=7
GetIndicatorState R ===>> False
change switch state (True, True)
update switch state R False args=() kw={} ncanvase=7
refresh_canvas_needed fired
06:51:25 -- CLOSE  VALVE-R (Jan Inlet)
waiting for write to finish
measurement finished
estimated time: 4.194 actual time: :4.294
flush and close file /Users/jan/PychronDev/data/isotopes/7b/2e1d1c-e998-4e0c-9330-21903e818600.h5
set_fits () {}
using default fits file=/Users/jan/PychronDev/scripts/measurement/fits/nominal_linear.yaml
set "Ar41" to "('Average', 'SEM')"
set "Ar40" to "('Linear', 'SEM')"
set "Ar36" to "('Linear', 'SEM')"
set "Ar37" to "('linear', 'SEM')"
set "Ar38" to "('linear', 'SEM')"
set "Ar39" to "('Linear', 'SEM')"
set_baseline_fits () {}
using default fits file=/Users/jan/PychronDev/scripts/measurement/fits/nominal_linear.yaml
set "H2" to "('average', 'SEM')"
set "H1" to "('average', 'SEM')"
set "CDD" to "('average', 'SEM')"
set "L2" to "('average', 'SEM')"
set "L1" to "('average', 'SEM')"
set "AX" to "('average', 'SEM')"
whiff () {'ncounts': 1, 'conditionals': [{'action': 'run_remainder', 'attr': 'Ar40', 'teststr': 'Ar40.cur<=175'}, {'action': 'run_pipette', 'attr': 'Ar40', 'teststr': 'Ar40.cur>500'}, {'action': 'run_chamber_split', 'attr': 'Ar40', 'teststr': 'Ar40.cur>=300'}, {'action': 'pump', 'attr': 'Ar40', 'teststr': 'Ar40.cur>175'}]}
build tables- whiff [Detector(H2), Detector(H1), Detector(AX), Detector(L1), Detector(L2), Detector(CDD)]
add group /whiff/Ar41 (Group) '' table H2
add group /whiff/Ar40 (Group) '' table H1
add group /whiff/Ar39 (Group) '' table AX
add group /whiff/Ar38 (Group) '' table L1
add group /whiff/Ar37 (Group) '' table L2
add group /whiff/Ar36 (Group) '' table CDD
flush and close file /Users/jan/PychronDev/data/isotopes/7b/2e1d1c-e998-4e0c-9330-21903e818600.h5
measuring whiff. ncounts=1
"whiff" increment series count="2" fit count="1" regressing="True"
starting measurement
testing Ar40<=175
evaluate ot="Ar40.cur<=175" t="Ar40<=175", ctx="{'Ar40': 0.45762215775669901}"
condition Ar40<=175 is true trips=1/1
06:51:27 -- Conditional tripped: Ar40.cur<=175 condition Ar40<=175 is True
waiting for write to finish
measurement finished
estimated time: 1.049 actual time: :1.321
flush and close file /Users/jan/PychronDev/data/isotopes/7b/2e1d1c-e998-4e0c-9330-21903e818600.h5
WHIFF Result=run_remainder
Whiff result=run_remainder
open ('R',) {}
open name=R desc=---
checking ownership. requestor=129.138.12.150
check software interlocks R
interlocks []
actuate state mode=None-script, software_lock=False
doing actuation None-script open_channel True
Open R ===>> OK
GetIndicatorState R ===>> OK
change switch state (True, True)
update switch state R True args=() kw={} ncanvase=7
06:51:27 -- OPEN   VALVE-R (Jan Inlet)
-------------------------- open R () result=[(True, True)]
action=open, ok=True, locked=[False]
open ('S',) {}
open name=S desc=---
checking ownership. requestor=129.138.12.150
check software interlocks S
interlocks []
actuate state mode=None-script, software_lock=False
doing actuation None-script open_channel True
Open S ===>> OK
GetIndicatorState S ===>> OK
change switch state (True, True)
update switch state S True args=() kw={} ncanvase=7
06:51:28 -- OPEN   VALVE-S (Microbone to Inlet Pipette)
-------------------------- open S () result=[(True, True)]
action=open, ok=True, locked=[False]
sleep (12.0,) {}
SLEEP 12.0
block started
WaitControl setup for 12.0  
Join finished
block finished. duration 12.1790361404
close ('R',) {}
close name=R desc=---
checking ownership. requestor=129.138.12.150
check software interlocks R
interlocks []
actuate state mode=None-script, software_lock=False
doing actuation None-script close_channel True
Close R ===>> OK
GetIndicatorState R ===>> False
change switch state (True, True)
update switch state R False args=() kw={} ncanvase=7
06:51:41 -- CLOSE  VALVE-R (Jan Inlet)
-------------------------- close R () result=[(True, True)]
action=close, ok=True, locked=[False]
post_equilibration () {}
multicollect () {'integration_time': 1, 'ncounts': 400.0}
build tables- signal [Detector(H2), Detector(H1), Detector(AX), Detector(L1), Detector(L2), Detector(CDD)]
Post Equilibration Started jan_pump_extraction_line.py
add group /signal/Ar41 (Group) '' table H2
add group /signal/Ar40 (Group) '' table H1
add group /signal/Ar39 (Group) '' table AX
add group /signal/Ar38 (Group) '' table L1
add group /signal/Ar37 (Group) '' table L2
add group /signal/Ar36 (Group) '' table CDD
flush and close file /Users/jan/PychronDev/data/isotopes/7b/2e1d1c-e998-4e0c-9330-21903e818600.h5
measuring signal. ncounts=400.0
06:51:42 -- ******* Post Equilibration Started jan_pump_extraction_line.py *******
testing...
no interpolation path defined
calculate duration
testing...
no interpolation path defined
executed snippet estimated_duration=4.0, duration=0.000303030014038
executed snippet estimated_duration=4.0, duration=0.00232005119324
Pump after analysis
doing GOSUB
testing...
no interpolation path defined
executed snippet estimated_duration=4.0, duration=0.000236034393311
Pump Microbone
close () {'description': 'Jan Inlet'}
close name=--- desc=Jan Inlet
checking ownership. requestor=129.138.12.150
check software interlocks R
interlocks []
actuate state mode=None-script, software_lock=False
doing actuation None-script close_channel False
"signal" increment series count="2" fit count="1" regressing="True"
Close R ===>> OK
GetIndicatorState R ===>> False
change switch state (True, True)
update switch state R False args=() kw={} ncanvase=7
06:51:42 -- CLOSE  VALVE-R (Jan Inlet)
-------------------------- close None (Jan Inlet) result=[(True, True)]
starting measurement
action=close, ok=True, locked=[False]
is_closed ('F',) {}
is F () closed?
is closed True
open () {'description': 'CO2 Laser to Jan'}
open name=--- desc=CO2 Laser to Jan
checking ownership. requestor=129.138.12.150
check software interlocks A
interlocks []
actuate state mode=None-script, software_lock=False
doing actuation None-script open_channel False
Open A ===>> OK
GetIndicatorState A ===>> OK
change switch state (True, True)
update switch state A True args=() kw={} ncanvase=7
06:51:43 -- OPEN   VALVE-A (CO2 Laser to Jan)
-------------------------- open None (CO2 Laser to Jan) result=[(True, True)]
action=open, ok=True, locked=[False]
sleep (1,) {}
SLEEP 1.0
close () {'description': 'CO2 Laser to Roughing'}
close name=--- desc=CO2 Laser to Roughing
checking ownership. requestor=129.138.12.150
check software interlocks G
interlocks []
actuate state mode=None-script, software_lock=True
VALVE-G(CO2 Laser to Roughing) software locked
change switch state (True, False)
-------------------------- close None (CO2 Laser to Roughing) result=[(True, False)]
action=close, ok=True, locked=[True]
open () {'description': 'Microbone to Turbo'}
open name=--- desc=Microbone to Turbo
checking ownership. requestor=129.138.12.150
check software interlocks U
interlocks []
actuate state mode=None-script, software_lock=False
doing actuation None-script open_channel True
Open U ===>> OK
GetIndicatorState U ===>> OK
change switch state (True, True)
update switch state U True args=() kw={} ncanvase=7
06:51:44 -- OPEN   VALVE-U (Microbone to Turbo)
-------------------------- open None (Microbone to Turbo) result=[(True, True)]
action=open, ok=True, locked=[False]
open () {'description': 'Microbone to Getter NP-10'}
open name=--- desc=Microbone to Getter NP-10
checking ownership. requestor=129.138.12.150
check software interlocks M
interlocks []
actuate state mode=None-script, software_lock=False
doing actuation None-script open_channel False
Open M ===>> OK
GetIndicatorState M ===>> OK
change switch state (True, True)
update switch state M True args=() kw={} ncanvase=7
06:51:45 -- OPEN   VALVE-M (Microbone to Getter NP-10)
-------------------------- open None (Microbone to Getter NP-10) result=[(True, True)]
action=open, ok=True, locked=[False]
open () {'description': 'Microbone to Getter D-50'}
open name=--- desc=Microbone to Getter D-50
checking ownership. requestor=129.138.12.150
check software interlocks K
interlocks []
actuate state mode=None-script, software_lock=False
doing actuation None-script open_channel False
Open K ===>> OK
GetIndicatorState K ===>> OK
change switch state (True, True)
update switch state K True args=() kw={} ncanvase=7
06:51:46 -- OPEN   VALVE-K (Microbone to Getter D-50)
-------------------------- open None (Microbone to Getter D-50) result=[(True, True)]
action=open, ok=True, locked=[False]
open () {'description': 'Microbone to CO2 Laser'}
open name=--- desc=Microbone to CO2 Laser
checking ownership. requestor=129.138.12.150
check software interlocks T
interlocks []
actuate state mode=None-script, software_lock=False
doing actuation None-script open_channel False
Open T ===>> OK
GetIndicatorState T ===>> OK
change switch state (True, True)
update switch state T True args=() kw={} ncanvase=7
06:51:46 -- OPEN   VALVE-T (Microbone to CO2 Laser)
-------------------------- open None (Microbone to CO2 Laser) result=[(True, True)]
testing H1<-5.0
evaluate ot="H1.bs<-5.0" t="H1<-5.0", ctx="{'H1': 0.08278572383034319}"
action=open, ok=True, locked=[False]
open () {'description': 'Microbone to Inlet Pipette'}
open name=--- desc=Microbone to Inlet Pipette
checking ownership. requestor=129.138.12.150
check software interlocks S
interlocks []
actuate state mode=None-script, software_lock=False
doing actuation None-script open_channel False
Open S ===>> OK
GetIndicatorState S ===>> OK
change switch state (True, True)
update switch state S True args=() kw={} ncanvase=7
06:51:47 -- OPEN   VALVE-S (Microbone to Inlet Pipette)
-------------------------- open None (Microbone to Inlet Pipette) result=[(True, True)]
action=open, ok=True, locked=[False]
sleep (1,) {}
SLEEP 1.0
set_resource () {'name': 'CO2PumpTimeFlag', 'value': 30}
Set CO2PumpTimeFlag 30 ===>> OK
release ('JanCO2Flag',) {}
release JanCO2Flag
Set JanCO2Flag 0 ===>> OK
executed snippet estimated_duration=6.0, duration=6.89189696312
PumpMicrobone.py completed successfully
gosub finished
get_resource_value () {'name': 'JanMiniboneFlag'}
Read JanMiniboneFlag ===>> 0
Get Resource Value JanMiniboneFlag=0.0
get resource value 0.0
get_resource_value () {'name': 'JanMiniboneFlag'}
Read JanMiniboneFlag ===>> 0
Get Resource Value JanMiniboneFlag=0.0
executed snippet estimated_duration=4.0, duration=6.95953607559
jan_pump_extraction_line.py completed successfully
Post Equilibration Finished
06:51:49 -- ******* Post Equilibration Finished *******
testing H1<-5.0
evaluate ot="H1.bs<-5.0" t="H1<-5.0", ctx="{'H1': 0.08278572383034319}"
testing H1<-5.0
evaluate ot="H1.bs<-5.0" t="H1<-5.0", ctx="{'H1': 0.08278572383034319}"
testing H1<-5.0
evaluate ot="H1.bs<-5.0" t="H1<-5.0", ctx="{'H1': 0.08278572383034319}"
testing H1<-5.0
evaluate ot="H1.bs<-5.0" t="H1<-5.0", ctx="{'H1': 0.08278572383034319}"
06:52:08 -- collecting point 25
testing H1<-5.0
evaluate ot="H1.bs<-5.0" t="H1<-5.0", ctx="{'H1': 0.08278572383034319}"
testing H1<-5.0
evaluate ot="H1.bs<-5.0" t="H1<-5.0", ctx="{'H1': 0.08278572383034319}"
testing H1<-5.0
evaluate ot="H1.bs<-5.0" t="H1<-5.0", ctx="{'H1': 0.08278572383034319}"
testing H1<-5.0
evaluate ot="H1.bs<-5.0" t="H1<-5.0", ctx="{'H1': 0.08278572383034319}"
testing H1<-5.0
evaluate ot="H1.bs<-5.0" t="H1<-5.0", ctx="{'H1': 0.08278572383034319}"
06:52:34 -- collecting point 50
testing H1<-5.0
evaluate ot="H1.bs<-5.0" t="H1<-5.0", ctx="{'H1': 0.08278572383034319}"
testing H1<-5.0
evaluate ot="H1.bs<-5.0" t="H1<-5.0", ctx="{'H1': 0.08278572383034319}"
testing H1<-5.0
evaluate ot="H1.bs<-5.0" t="H1<-5.0", ctx="{'H1': 0.08278572383034319}"
testing H1<-5.0
evaluate ot="H1.bs<-5.0" t="H1<-5.0", ctx="{'H1': 0.08278572383034319}"
testing H1<-5.0
evaluate ot="H1.bs<-5.0" t="H1<-5.0", ctx="{'H1': 0.08278572383034319}"
06:53:00 -- collecting point 75
testing H1<-5.0
evaluate ot="H1.bs<-5.0" t="H1<-5.0", ctx="{'H1': 0.08278572383034319}"
testing Ar36<0.001
evaluate ot="Ar36.bs_corrected<0.001" t="Ar36<0.001", ctx="{'Ar36': 0.011501740684033307}"
testing H1<-5.0
evaluate ot="H1.bs<-5.0" t="H1<-5.0", ctx="{'H1': 0.08278572383034319}"
testing Ar36<0.001
evaluate ot="Ar36.bs_corrected<0.001" t="Ar36<0.001", ctx="{'Ar36': 0.011208900536636732}"
testing H1<-5.0
evaluate ot="H1.bs<-5.0" t="H1<-5.0", ctx="{'H1': 0.08278572383034319}"
testing Ar36<0.001
evaluate ot="Ar36.bs_corrected<0.001" t="Ar36<0.001", ctx="{'Ar36': 0.010866425269486774}"
testing H1<-5.0
evaluate ot="H1.bs<-5.0" t="H1<-5.0", ctx="{'H1': 0.08278572383034319}"
testing Ar36<0.001
evaluate ot="Ar36.bs_corrected<0.001" t="Ar36<0.001", ctx="{'Ar36': 0.010768876421606266}"
testing H1<-5.0
evaluate ot="H1.bs<-5.0" t="H1<-5.0", ctx="{'H1': 0.08278572383034319}"
testing Ar36<0.001
evaluate ot="Ar36.bs_corrected<0.001" t="Ar36<0.001", ctx="{'Ar36': 0.010663949097978806}"
06:53:27 -- collecting point 100
testing H1<-5.0
evaluate ot="H1.bs<-5.0" t="H1<-5.0", ctx="{'H1': 0.08278572383034319}"
testing Ar36<0.001
evaluate ot="Ar36.bs_corrected<0.001" t="Ar36<0.001", ctx="{'Ar36': 0.010459853025535606}"
testing H1<-5.0
evaluate ot="H1.bs<-5.0" t="H1<-5.0", ctx="{'H1': 0.08278572383034319}"
testing Ar36<0.001
evaluate ot="Ar36.bs_corrected<0.001" t="Ar36<0.001", ctx="{'Ar36': 0.010326408851669707}"
testing H1<-5.0
evaluate ot="H1.bs<-5.0" t="H1<-5.0", ctx="{'H1': 0.08278572383034319}"
testing Ar36<0.001
evaluate ot="Ar36.bs_corrected<0.001" t="Ar36<0.001", ctx="{'Ar36': 0.010116059431559559}"
testing H1<-5.0
evaluate ot="H1.bs<-5.0" t="H1<-5.0", ctx="{'H1': 0.08278572383034319}"
testing Ar36<0.001
evaluate ot="Ar36.bs_corrected<0.001" t="Ar36<0.001", ctx="{'Ar36': 0.010002401072196864}"
testing H1<-5.0
evaluate ot="H1.bs<-5.0" t="H1<-5.0", ctx="{'H1': 0.08278572383034319}"
testing Ar36<0.001
evaluate ot="Ar36.bs_corrected<0.001" t="Ar36<0.001", ctx="{'Ar36': 0.00975890200115545}"
06:53:53 -- collecting point 125
testing H1<-5.0
evaluate ot="H1.bs<-5.0" t="H1<-5.0", ctx="{'H1': 0.08278572383034319}"
testing Ar36<0.001
evaluate ot="Ar36.bs_corrected<0.001" t="Ar36<0.001", ctx="{'Ar36': 0.009651509390159732}"
testing H1<-5.0
evaluate ot="H1.bs<-5.0" t="H1<-5.0", ctx="{'H1': 0.08278572383034319}"
testing Ar36<0.001
evaluate ot="Ar36.bs_corrected<0.001" t="Ar36<0.001", ctx="{'Ar36': 0.009680922096174396}"
testing H1<-5.0
evaluate ot="H1.bs<-5.0" t="H1<-5.0", ctx="{'H1': 0.08278572383034319}"
testing Ar36<0.001
evaluate ot="Ar36.bs_corrected<0.001" t="Ar36<0.001", ctx="{'Ar36': 0.009687066220656747}"
testing H1<-5.0
evaluate ot="H1.bs<-5.0" t="H1<-5.0", ctx="{'H1': 0.08278572383034319}"
testing Ar36<0.001
evaluate ot="Ar36.bs_corrected<0.001" t="Ar36<0.001", ctx="{'Ar36': 0.009522707115913007}"
testing H1<-5.0
evaluate ot="H1.bs<-5.0" t="H1<-5.0", ctx="{'H1': 0.08278572383034319}"
testing Ar36<0.001
evaluate ot="Ar36.bs_corrected<0.001" t="Ar36<0.001", ctx="{'Ar36': 0.00949460147026791}"
06:54:19 -- collecting point 150
testing H1<-5.0
evaluate ot="H1.bs<-5.0" t="H1<-5.0", ctx="{'H1': 0.08278572383034319}"
testing Ar36<0.001
evaluate ot="Ar36.bs_corrected<0.001" t="Ar36<0.001", ctx="{'Ar36': 0.009398479669033032}"
testing H1<-5.0
evaluate ot="H1.bs<-5.0" t="H1<-5.0", ctx="{'H1': 0.08278572383034319}"
testing Ar36<0.001
evaluate ot="Ar36.bs_corrected<0.001" t="Ar36<0.001", ctx="{'Ar36': 0.009324601654449344}"
testing H1<-5.0
evaluate ot="H1.bs<-5.0" t="H1<-5.0", ctx="{'H1': 0.08278572383034319}"
testing Ar36<0.001
evaluate ot="Ar36.bs_corrected<0.001" t="Ar36<0.001", ctx="{'Ar36': 0.009273336413888613}"
testing H1<-5.0
evaluate ot="H1.bs<-5.0" t="H1<-5.0", ctx="{'H1': 0.08278572383034319}"
testing Ar36<0.001
evaluate ot="Ar36.bs_corrected<0.001" t="Ar36<0.001", ctx="{'Ar36': 0.009260498403327122}"
testing H1<-5.0
evaluate ot="H1.bs<-5.0" t="H1<-5.0", ctx="{'H1': 0.08278572383034319}"
testing Ar36<0.001
evaluate ot="Ar36.bs_corrected<0.001" t="Ar36<0.001", ctx="{'Ar36': 0.009193801385482845}"
06:54:46 -- collecting point 175
testing H1<-5.0
evaluate ot="H1.bs<-5.0" t="H1<-5.0", ctx="{'H1': 0.08278572383034319}"
testing Ar36<0.001
evaluate ot="Ar36.bs_corrected<0.001" t="Ar36<0.001", ctx="{'Ar36': 0.009221948205146097}"
testing H1<-5.0
evaluate ot="H1.bs<-5.0" t="H1<-5.0", ctx="{'H1': 0.08278572383034319}"
testing Ar36<0.001
evaluate ot="Ar36.bs_corrected<0.001" t="Ar36<0.001", ctx="{'Ar36': 0.009168200292563076}"
testing H1<-5.0
evaluate ot="H1.bs<-5.0" t="H1<-5.0", ctx="{'H1': 0.08278572383034319}"
testing Ar36<0.001
evaluate ot="Ar36.bs_corrected<0.001" t="Ar36<0.001", ctx="{'Ar36': 0.00910537230256997}"
testing H1<-5.0
evaluate ot="H1.bs<-5.0" t="H1<-5.0", ctx="{'H1': 0.08278572383034319}"
testing Ar36<0.001
evaluate ot="Ar36.bs_corrected<0.001" t="Ar36<0.001", ctx="{'Ar36': 0.009140065408981985}"
ask. get packet. error: timed out address: UDP://129.138.12.152:1069
ask. get packet. error: timed out address: UDP://129.138.12.152:1069
ask. get packet. error: timed out address: UDP://129.138.12.152:1069
Failed getting intensity from mass spectrometer 1/30
ask. get packet. error: timed out address: UDP://129.138.12.152:1069
ask. get packet. error: timed out address: UDP://129.138.12.152:1069
Failed getting intensity from mass spectrometer 2/30
testing H1<-5.0
evaluate ot="H1.bs<-5.0" t="H1<-5.0", ctx="{'H1': 0.08278572383034319}"
testing Ar36<0.001
evaluate ot="Ar36.bs_corrected<0.001" t="Ar36<0.001", ctx="{'Ar36': 0.009105513973307843}"
06:55:12 -- collecting point 200
testing H1<-5.0
evaluate ot="H1.bs<-5.0" t="H1<-5.0", ctx="{'H1': 0.08278572383034319}"
testing Ar36<0.001
evaluate ot="Ar36.bs_corrected<0.001" t="Ar36<0.001", ctx="{'Ar36': 0.009121542057156847}"
testing H1<-5.0
evaluate ot="H1.bs<-5.0" t="H1<-5.0", ctx="{'H1': 0.08278572383034319}"
testing Ar36<0.001
evaluate ot="Ar36.bs_corrected<0.001" t="Ar36<0.001", ctx="{'Ar36': 0.009028542233888857}"
testing H1<-5.0
evaluate ot="H1.bs<-5.0" t="H1<-5.0", ctx="{'H1': 0.08278572383034319}"
testing Ar36<0.001
evaluate ot="Ar36.bs_corrected<0.001" t="Ar36<0.001", ctx="{'Ar36': 0.009049675013565218}"
testing H1<-5.0
evaluate ot="H1.bs<-5.0" t="H1<-5.0", ctx="{'H1': 0.08278572383034319}"
testing Ar36<0.001
evaluate ot="Ar36.bs_corrected<0.001" t="Ar36<0.001", ctx="{'Ar36': 0.009044098064626502}"
testing H1<-5.0
evaluate ot="H1.bs<-5.0" t="H1<-5.0", ctx="{'H1': 0.08278572383034319}"
testing Ar36<0.001
evaluate ot="Ar36.bs_corrected<0.001" t="Ar36<0.001", ctx="{'Ar36': 0.008980844910461382}"
06:55:38 -- collecting point 225
testing H1<-5.0
evaluate ot="H1.bs<-5.0" t="H1<-5.0", ctx="{'H1': 0.08278572383034319}"
testing Ar36<0.001
evaluate ot="Ar36.bs_corrected<0.001" t="Ar36<0.001", ctx="{'Ar36': 0.008993692357875477}"
testing H1<-5.0
evaluate ot="H1.bs<-5.0" t="H1<-5.0", ctx="{'H1': 0.08278572383034319}"
testing Ar36<0.001
evaluate ot="Ar36.bs_corrected<0.001" t="Ar36<0.001", ctx="{'Ar36': 0.008934318964910759}"
testing H1<-5.0
evaluate ot="H1.bs<-5.0" t="H1<-5.0", ctx="{'H1': 0.08278572383034319}"
testing Ar36<0.001
evaluate ot="Ar36.bs_corrected<0.001" t="Ar36<0.001", ctx="{'Ar36': 0.008976771899383259}"
testing H1<-5.0
evaluate ot="H1.bs<-5.0" t="H1<-5.0", ctx="{'H1': 0.08278572383034319}"
testing Ar36<0.001
evaluate ot="Ar36.bs_corrected<0.001" t="Ar36<0.001", ctx="{'Ar36': 0.009019934709403269}"
testing H1<-5.0
evaluate ot="H1.bs<-5.0" t="H1<-5.0", ctx="{'H1': 0.08278572383034319}"
testing Ar36<0.001
evaluate ot="Ar36.bs_corrected<0.001" t="Ar36<0.001", ctx="{'Ar36': 0.008994854701925369}"
06:56:05 -- collecting point 250
testing H1<-5.0
evaluate ot="H1.bs<-5.0" t="H1<-5.0", ctx="{'H1': 0.08278572383034319}"
testing Ar36<0.001
evaluate ot="Ar36.bs_corrected<0.001" t="Ar36<0.001", ctx="{'Ar36': 0.00894762297946071}"
testing H1<-5.0
evaluate ot="H1.bs<-5.0" t="H1<-5.0", ctx="{'H1': 0.08278572383034319}"
testing Ar36<0.001
evaluate ot="Ar36.bs_corrected<0.001" t="Ar36<0.001", ctx="{'Ar36': 0.008943307207624044}"
testing H1<-5.0
evaluate ot="H1.bs<-5.0" t="H1<-5.0", ctx="{'H1': 0.08278572383034319}"
testing Ar36<0.001
evaluate ot="Ar36.bs_corrected<0.001" t="Ar36<0.001", ctx="{'Ar36': 0.00894918625485052}"
testing H1<-5.0
evaluate ot="H1.bs<-5.0" t="H1<-5.0", ctx="{'H1': 0.08278572383034319}"
testing Ar36<0.001
evaluate ot="Ar36.bs_corrected<0.001" t="Ar36<0.001", ctx="{'Ar36': 0.008959054700733179}"
testing H1<-5.0
evaluate ot="H1.bs<-5.0" t="H1<-5.0", ctx="{'H1': 0.08278572383034319}"
testing Ar36<0.001
evaluate ot="Ar36.bs_corrected<0.001" t="Ar36<0.001", ctx="{'Ar36': 0.009009922287053728}"
06:56:31 -- collecting point 275
testing H1<-5.0
evaluate ot="H1.bs<-5.0" t="H1<-5.0", ctx="{'H1': 0.08278572383034319}"
testing Ar36<0.001
evaluate ot="Ar36.bs_corrected<0.001" t="Ar36<0.001", ctx="{'Ar36': 0.00894360080300648}"
testing H1<-5.0
evaluate ot="H1.bs<-5.0" t="H1<-5.0", ctx="{'H1': 0.08278572383034319}"
testing Ar36<0.001
evaluate ot="Ar36.bs_corrected<0.001" t="Ar36<0.001", ctx="{'Ar36': 0.00892640684799014}"
testing H1<-5.0
evaluate ot="H1.bs<-5.0" t="H1<-5.0", ctx="{'H1': 0.08278572383034319}"
testing Ar36<0.001
evaluate ot="Ar36.bs_corrected<0.001" t="Ar36<0.001", ctx="{'Ar36': 0.008935150805922063}"
testing H1<-5.0
evaluate ot="H1.bs<-5.0" t="H1<-5.0", ctx="{'H1': 0.08278572383034319}"
testing Ar36<0.001
evaluate ot="Ar36.bs_corrected<0.001" t="Ar36<0.001", ctx="{'Ar36': 0.008911497081497213}"
testing H1<-5.0
evaluate ot="H1.bs<-5.0" t="H1<-5.0", ctx="{'H1': 0.08278572383034319}"
testing Ar36<0.001
evaluate ot="Ar36.bs_corrected<0.001" t="Ar36<0.001", ctx="{'Ar36': 0.008873636060984439}"
06:56:57 -- collecting point 300
testing H1<-5.0
evaluate ot="H1.bs<-5.0" t="H1<-5.0", ctx="{'H1': 0.08278572383034319}"
testing Ar36<0.001
evaluate ot="Ar36.bs_corrected<0.001" t="Ar36<0.001", ctx="{'Ar36': 0.008847708782224932}"
testing H1<-5.0
evaluate ot="H1.bs<-5.0" t="H1<-5.0", ctx="{'H1': 0.08278572383034319}"
testing Ar36<0.001
evaluate ot="Ar36.bs_corrected<0.001" t="Ar36<0.001", ctx="{'Ar36': 0.008829792355031821}"
testing H1<-5.0
evaluate ot="H1.bs<-5.0" t="H1<-5.0", ctx="{'H1': 0.08278572383034319}"
testing Ar36<0.001
evaluate ot="Ar36.bs_corrected<0.001" t="Ar36<0.001", ctx="{'Ar36': 0.008807915840405418}"
testing H1<-5.0
evaluate ot="H1.bs<-5.0" t="H1<-5.0", ctx="{'H1': 0.08278572383034319}"
testing Ar36<0.001
evaluate ot="Ar36.bs_corrected<0.001" t="Ar36<0.001", ctx="{'Ar36': 0.00879025376755908}"
testing H1<-5.0
evaluate ot="H1.bs<-5.0" t="H1<-5.0", ctx="{'H1': 0.08278572383034319}"
testing Ar36<0.001
evaluate ot="Ar36.bs_corrected<0.001" t="Ar36<0.001", ctx="{'Ar36': 0.00880576587590334}"
06:57:24 -- collecting point 325
testing H1<-5.0
evaluate ot="H1.bs<-5.0" t="H1<-5.0", ctx="{'H1': 0.08278572383034319}"
testing Ar36<0.001
evaluate ot="Ar36.bs_corrected<0.001" t="Ar36<0.001", ctx="{'Ar36': 0.008771475050908435}"
testing H1<-5.0
evaluate ot="H1.bs<-5.0" t="H1<-5.0", ctx="{'H1': 0.08278572383034319}"
testing Ar36<0.001
evaluate ot="Ar36.bs_corrected<0.001" t="Ar36<0.001", ctx="{'Ar36': 0.00872015857441931}"
testing H1<-5.0
evaluate ot="H1.bs<-5.0" t="H1<-5.0", ctx="{'H1': 0.08278572383034319}"
testing Ar36<0.001
evaluate ot="Ar36.bs_corrected<0.001" t="Ar36<0.001", ctx="{'Ar36': 0.008731735141437106}"
testing H1<-5.0
evaluate ot="H1.bs<-5.0" t="H1<-5.0", ctx="{'H1': 0.08278572383034319}"
testing Ar36<0.001
evaluate ot="Ar36.bs_corrected<0.001" t="Ar36<0.001", ctx="{'Ar36': 0.008717671495821911}"
testing H1<-5.0
evaluate ot="H1.bs<-5.0" t="H1<-5.0", ctx="{'H1': 0.08278572383034319}"
testing Ar36<0.001
evaluate ot="Ar36.bs_corrected<0.001" t="Ar36<0.001", ctx="{'Ar36': 0.008743993898541884}"
06:57:50 -- collecting point 350
testing H1<-5.0
evaluate ot="H1.bs<-5.0" t="H1<-5.0", ctx="{'H1': 0.08278572383034319}"
testing Ar36<0.001
evaluate ot="Ar36.bs_corrected<0.001" t="Ar36<0.001", ctx="{'Ar36': 0.00874649982415122}"
testing H1<-5.0
evaluate ot="H1.bs<-5.0" t="H1<-5.0", ctx="{'H1': 0.08278572383034319}"
testing Ar36<0.001
evaluate ot="Ar36.bs_corrected<0.001" t="Ar36<0.001", ctx="{'Ar36': 0.008739934652823978}"
testing H1<-5.0
evaluate ot="H1.bs<-5.0" t="H1<-5.0", ctx="{'H1': 0.08278572383034319}"
testing Ar36<0.001
evaluate ot="Ar36.bs_corrected<0.001" t="Ar36<0.001", ctx="{'Ar36': 0.008733859167794652}"
testing H1<-5.0
evaluate ot="H1.bs<-5.0" t="H1<-5.0", ctx="{'H1': 0.08278572383034319}"
testing Ar36<0.001
evaluate ot="Ar36.bs_corrected<0.001" t="Ar36<0.001", ctx="{'Ar36': 0.008732639214540374}"
testing H1<-5.0
evaluate ot="H1.bs<-5.0" t="H1<-5.0", ctx="{'H1': 0.08278572383034319}"
testing Ar36<0.001
evaluate ot="Ar36.bs_corrected<0.001" t="Ar36<0.001", ctx="{'Ar36': 0.008695850435387918}"
06:58:16 -- collecting point 375
testing H1<-5.0
evaluate ot="H1.bs<-5.0" t="H1<-5.0", ctx="{'H1': 0.08278572383034319}"
testing Ar36<0.001
evaluate ot="Ar36.bs_corrected<0.001" t="Ar36<0.001", ctx="{'Ar36': 0.008681644350365352}"
testing H1<-5.0
evaluate ot="H1.bs<-5.0" t="H1<-5.0", ctx="{'H1': 0.08278572383034319}"
testing Ar36<0.001
evaluate ot="Ar36.bs_corrected<0.001" t="Ar36<0.001", ctx="{'Ar36': 0.008673072480960414}"
testing H1<-5.0
evaluate ot="H1.bs<-5.0" t="H1<-5.0", ctx="{'H1': 0.08278572383034319}"
testing Ar36<0.001
evaluate ot="Ar36.bs_corrected<0.001" t="Ar36<0.001", ctx="{'Ar36': 0.008649347874608172}"
testing H1<-5.0
evaluate ot="H1.bs<-5.0" t="H1<-5.0", ctx="{'H1': 0.08278572383034319}"
testing Ar36<0.001
evaluate ot="Ar36.bs_corrected<0.001" t="Ar36<0.001", ctx="{'Ar36': 0.008630778831292615}"
testing H1<-5.0
evaluate ot="H1.bs<-5.0" t="H1<-5.0", ctx="{'H1': 0.08278572383034319}"
testing Ar36<0.001
evaluate ot="Ar36.bs_corrected<0.001" t="Ar36<0.001", ctx="{'Ar36': 0.008642605233611291}"
06:58:43 -- collecting point 400
waiting for write to finish
measurement finished
estimated time: 419.430 actual time: :421.579
flush and close file /Users/jan/PychronDev/data/isotopes/7b/2e1d1c-e998-4e0c-9330-21903e818600.h5
baselines () {'settling_time': 15.0, 'detector': 'H1', 'mass': 34.2, 'ncounts': 120.0}
%%%%%%%%%%%%%%%%%%%%%%%%%%%%%%%% Baseline
build tables- baseline [Detector(H2), Detector(H1), Detector(AX), Detector(L1), Detector(L2), Detector(CDD)]
add group baseline table H2
add group baseline table H1
add group baseline table AX
add group baseline table L1
add group baseline table L2
add group baseline table CDD
flush and close file /Users/jan/PychronDev/data/isotopes/7b/2e1d1c-e998-4e0c-9330-21903e818600.h5
detector Detector(H1)
POSITION 34.2 H1
Mapping mass to dac mass func: "parabolic"
H1 map mass coeffs = [ -3.11428344e-04   1.33794662e-01   1.02817323e+00]
H1 map mass to dac 34.2 >> 5.23969160773
GetDeflection H1 ===>> 0
GetHighVoltage ===>> 4499.94659342336
positioning 34.2 (5.23966075167) on H1
setting magnet DAC
current  : 5.877545
requested: 5.239661
Delta Dac: 0.637885
Checking detector protection. dv=0.63788
Checking detector "CDD". Protection Threshold: 0.5 (V)
ProtectDetector CDD,On ===>> OK
GetDeflection CDD ===>> 2000
Protected = 2000
SetMagnetDAC 5.23966075167 ===>> OK
Magnet settling time: 0.500 0.500
Magnet settling complete
Wait for magnet to stop moving
GetMagnetMoving ===>> True
GetMagnetMoving ===>> True
GetMagnetMoving ===>> True
GetMagnetMoving ===>> True
GetMagnetMoving ===>> True
GetMagnetMoving ===>> True
GetMagnetMoving ===>> True
GetMagnetMoving ===>> True
GetMagnetMoving ===>> True
GetMagnetMoving ===>> False
Magnet move complete
Unprotect detectors
ProtectDetector CDD,Off ===>> OK
GetDeflection CDD ===>> 50
set_dac. change=True
Delaying 15.0s for detectors to settle
Join finished
measuring baseline. ncounts=120.0
"baseline" increment series count="2" fit count="1" regressing="True"
starting measurement
testing H1<-5.0
evaluate ot="H1.bs<-5.0" t="H1<-5.0", ctx="{'H1': 0.04803865908808998}"
testing H1<-5.0
evaluate ot="H1.bs<-5.0" t="H1<-5.0", ctx="{'H1': 0.06710061071500725}"
testing H1<-5.0
evaluate ot="H1.bs<-5.0" t="H1<-5.0", ctx="{'H1': 0.07103359821563243}"
testing H1<-5.0
evaluate ot="H1.bs<-5.0" t="H1<-5.0", ctx="{'H1': 0.07766459668897563}"
testing H1<-5.0
evaluate ot="H1.bs<-5.0" t="H1<-5.0", ctx="{'H1': 0.07037533276647218}"
06:59:30 -- collecting point 25
testing H1<-5.0
evaluate ot="H1.bs<-5.0" t="H1<-5.0", ctx="{'H1': 0.08070435382278114}"
testing H1<-5.0
evaluate ot="H1.bs<-5.0" t="H1<-5.0", ctx="{'H1': 0.07957171483346948}"
testing H1<-5.0
evaluate ot="H1.bs<-5.0" t="H1<-5.0", ctx="{'H1': 0.07957870205834068}"
testing H1<-5.0
evaluate ot="H1.bs<-5.0" t="H1<-5.0", ctx="{'H1': 0.07881609632124473}"
testing H1<-5.0
evaluate ot="H1.bs<-5.0" t="H1<-5.0", ctx="{'H1': 0.07945916554193022}"
06:59:57 -- collecting point 50
testing H1<-5.0
evaluate ot="H1.bs<-5.0" t="H1<-5.0", ctx="{'H1': 0.08172361834590111}"
testing H1<-5.0
evaluate ot="H1.bs<-5.0" t="H1<-5.0", ctx="{'H1': 0.08095340745222551}"
testing H1<-5.0
evaluate ot="H1.bs<-5.0" t="H1<-5.0", ctx="{'H1': 0.08612987400931231}"
testing H1<-5.0
evaluate ot="H1.bs<-5.0" t="H1<-5.0", ctx="{'H1': 0.08505521214462765}"
testing H1<-5.0
evaluate ot="H1.bs<-5.0" t="H1<-5.0", ctx="{'H1': 0.08581386773014074}"
07:00:23 -- collecting point 75
testing H1<-5.0
evaluate ot="H1.bs<-5.0" t="H1<-5.0", ctx="{'H1': 0.0860925682059071}"
testing Ar36<0.001
evaluate ot="Ar36.bs_corrected<0.001" t="Ar36<0.001", ctx="{'Ar36': 0.008643979781395777}"
testing H1<-5.0
evaluate ot="H1.bs<-5.0" t="H1<-5.0", ctx="{'H1': 0.08651489188739998}"
testing Ar36<0.001
evaluate ot="Ar36.bs_corrected<0.001" t="Ar36<0.001", ctx="{'Ar36': 0.008644538646317831}"
testing H1<-5.0
evaluate ot="H1.bs<-5.0" t="H1<-5.0", ctx="{'H1': 0.0845555421082963}"
testing Ar36<0.001
evaluate ot="Ar36.bs_corrected<0.001" t="Ar36<0.001", ctx="{'Ar36': 0.008643367918496845}"
testing H1<-5.0
evaluate ot="H1.bs<-5.0" t="H1<-5.0", ctx="{'H1': 0.08706045671020358}"
testing Ar36<0.001
evaluate ot="Ar36.bs_corrected<0.001" t="Ar36<0.001", ctx="{'Ar36': 0.008643899875602667}"
testing H1<-5.0
evaluate ot="H1.bs<-5.0" t="H1<-5.0", ctx="{'H1': 0.08694388995040397}"
testing Ar36<0.001
evaluate ot="Ar36.bs_corrected<0.001" t="Ar36<0.001", ctx="{'Ar36': 0.008644378099667496}"
07:00:49 -- collecting point 100
testing H1<-5.0
evaluate ot="H1.bs<-5.0" t="H1<-5.0", ctx="{'H1': 0.08707412360631098}"
testing Ar36<0.001
evaluate ot="Ar36.bs_corrected<0.001" t="Ar36<0.001", ctx="{'Ar36': 0.008644810340649168}"
testing H1<-5.0
evaluate ot="H1.bs<-5.0" t="H1<-5.0", ctx="{'H1': 0.08779214642630664}"
testing Ar36<0.001
evaluate ot="Ar36.bs_corrected<0.001" t="Ar36<0.001", ctx="{'Ar36': 0.008645202926494908}"
testing H1<-5.0
evaluate ot="H1.bs<-5.0" t="H1<-5.0", ctx="{'H1': 0.08664015547190795}"
testing Ar36<0.001
evaluate ot="Ar36.bs_corrected<0.001" t="Ar36<0.001", ctx="{'Ar36': 0.008645561074985758}"
testing H1<-5.0
evaluate ot="H1.bs<-5.0" t="H1<-5.0", ctx="{'H1': 0.08638321456608812}"
testing Ar36<0.001
evaluate ot="Ar36.bs_corrected<0.001" t="Ar36<0.001", ctx="{'Ar36': 0.008644642529444519}"
waiting for write to finish
measurement finished
estimated time: 125.829 actual time: :128.766
flush and close file /Users/jan/PychronDev/data/isotopes/7b/2e1d1c-e998-4e0c-9330-21903e818600.h5
activate_detectors ('H1', 'AX', 'CDD') {'peak_center': True}
peak_center () {'detector': 'H1', 'isotope': 'Ar40'}
peak center: mean=10.6777074002 threshold=5.0
peak center started
setup peak center. detector=['H1', 'AX', 'CDD'], isotope=Ar40
VersionedUnpickler [<apptools.sweet_pickle.versioned_unpickler.VersionedUnpickler object at 0x20eaf6e30>] using Updater [<apptools.sweet_pickle.updater.Updater object at 0x129d3b650>]
VersionedUnpickler [<apptools.sweet_pickle.versioned_unpickler.VersionedUnpickler object at 0x20eaf6e30>] using Updater [<apptools.sweet_pickle.updater.Updater object at 0x129d3b650>]
VersionedUnpickler [<apptools.sweet_pickle.versioned_unpickler.VersionedUnpickler object at 0x20eaf6e30>] using Updater [<apptools.sweet_pickle.updater.Updater object at 0x129d3b650>]
Mapping mass to dac mass func: "parabolic"
H1 map mass coeffs = [ -3.11428344e-04   1.33794662e-01   1.02817323e+00]
H1 map mass to dac 39.9624 >> 5.87758
GetDeflection H1 ===>> 0
GetHighVoltage ===>> 4499.94659342336
do peak center. <pychron.spectrometer.jobs.peak_center.PeakCenter object at 0x13ce3b410>
doing pc
starting peak center. center dac= 5.87754538748 step_width=0.001
width = 0.001
get scan parameters. half-width=0.015,window=0.015, i=0, scalar=1
Scan parameters center=5.87755 width=0.03000 (5.86255 - 5.89255)
Moving to starting dac 5.86254538748
setting magnet DAC
current  : 5.239661
requested: 5.862545
Delta Dac: 0.622885
Checking detector protection. dv=0.62288
Checking detector "CDD". Protection Threshold: 0.5 (V)
ProtectDetector CDD,On ===>> OK
GetDeflection CDD ===>> 2000
Protected = 2000
SetMagnetDAC 5.86254538748 ===>> OK
Magnet settling time: 0.500 0.500
Magnet settling complete
Wait for magnet to stop moving
GetMagnetMoving ===>> True
GetMagnetMoving ===>> True
GetMagnetMoving ===>> True
GetMagnetMoving ===>> True
GetMagnetMoving ===>> True
GetMagnetMoving ===>> True
GetMagnetMoving ===>> True
GetMagnetMoving ===>> True
GetMagnetMoving ===>> True
GetMagnetMoving ===>> False
Magnet move complete
Unprotect detectors
ProtectDetector CDD,Off ===>> OK
GetDeflection CDD ===>> 50
set_dac. change=True
Wait until signal near baseline. tol= 0.142474096508. timeout= 10
Peak center baseline intensity achieved
_do_sweep sm= 5.86254538748, em= 5.89254538748, stm= 0.001
calculated step values: start=5.86254538748, end=5.89254538748, width=0.001, nsteps=31.0
setting magnet DAC
current  : 5.862545
requested: 5.862545
Delta Dac: 0.000000
Checking detector protection. dv=0.00000
Checking detector "CDD". Protection Threshold: 0.5 (V)
SetMagnetDAC 5.86254538748 ===>> OK
set_dac. change=False
setting magnet DAC
current  : 5.862545
requested: 5.863580
Delta Dac: 0.001034
Checking detector protection. dv=0.00103
Checking detector "CDD". Protection Threshold: 0.5 (V)
SetMagnetDAC 5.86357987024 ===>> OK
Magnet settling time: 2.097 0.500
Magnet settling complete
set_dac. change=True
setting magnet DAC
current  : 5.863580
requested: 5.864614
Delta Dac: 0.001034
Checking detector protection. dv=0.00103
Checking detector "CDD". Protection Threshold: 0.5 (V)
SetMagnetDAC 5.864614353 ===>> OK
Magnet settling time: 2.097 0.500
Magnet settling complete
set_dac. change=True
setting magnet DAC
current  : 5.864614
requested: 5.865649
Delta Dac: 0.001034
Checking detector protection. dv=0.00103
Checking detector "CDD". Protection Threshold: 0.5 (V)
SetMagnetDAC 5.86564883576 ===>> OK
Magnet settling time: 2.097 0.500
Magnet settling complete
set_dac. change=True
setting magnet DAC
current  : 5.865649
requested: 5.866683
Delta Dac: 0.001034
Checking detector protection. dv=0.00103
Checking detector "CDD". Protection Threshold: 0.5 (V)
SetMagnetDAC 5.86668331852 ===>> OK
Magnet settling time: 2.097 0.500
Magnet settling complete
set_dac. change=True
setting magnet DAC
current  : 5.866683
requested: 5.867718
Delta Dac: 0.001034
Checking detector protection. dv=0.00103
Checking detector "CDD". Protection Threshold: 0.5 (V)
SetMagnetDAC 5.86771780128 ===>> OK
Magnet settling time: 2.097 0.500
Magnet settling complete
set_dac. change=True
setting magnet DAC
current  : 5.867718
requested: 5.868752
Delta Dac: 0.001034
Checking detector protection. dv=0.00103
Checking detector "CDD". Protection Threshold: 0.5 (V)
SetMagnetDAC 5.86875228403 ===>> OK
Magnet settling time: 2.097 0.500
Magnet settling complete
set_dac. change=True
setting magnet DAC
current  : 5.868752
requested: 5.869787
Delta Dac: 0.001034
Checking detector protection. dv=0.00103
Checking detector "CDD". Protection Threshold: 0.5 (V)
SetMagnetDAC 5.86978676679 ===>> OK
Magnet settling time: 2.097 0.500
Magnet settling complete
set_dac. change=True
setting magnet DAC
current  : 5.869787
requested: 5.870821
Delta Dac: 0.001034
Checking detector protection. dv=0.00103
Checking detector "CDD". Protection Threshold: 0.5 (V)
SetMagnetDAC 5.87082124955 ===>> OK
Magnet settling time: 2.097 0.500
Magnet settling complete
set_dac. change=True
setting magnet DAC
current  : 5.870821
requested: 5.871856
Delta Dac: 0.001034
Checking detector protection. dv=0.00103
Checking detector "CDD". Protection Threshold: 0.5 (V)
SetMagnetDAC 5.87185573231 ===>> OK
Magnet settling time: 2.097 0.500
Magnet settling complete
set_dac. change=True
setting magnet DAC
current  : 5.871856
requested: 5.872890
Delta Dac: 0.001034
Checking detector protection. dv=0.00103
Checking detector "CDD". Protection Threshold: 0.5 (V)
SetMagnetDAC 5.87289021507 ===>> OK
Magnet settling time: 2.097 0.500
Magnet settling complete
set_dac. change=True
setting magnet DAC
current  : 5.872890
requested: 5.873925
Delta Dac: 0.001034
Checking detector protection. dv=0.00103
Checking detector "CDD". Protection Threshold: 0.5 (V)
SetMagnetDAC 5.87392469783 ===>> OK
Magnet settling time: 2.097 0.500
Magnet settling complete
set_dac. change=True
setting magnet DAC
current  : 5.873925
requested: 5.874959
Delta Dac: 0.001034
Checking detector protection. dv=0.00103
Checking detector "CDD". Protection Threshold: 0.5 (V)
SetMagnetDAC 5.87495918059 ===>> OK
Magnet settling time: 2.097 0.500
Magnet settling complete
set_dac. change=True
setting magnet DAC
current  : 5.874959
requested: 5.875994
Delta Dac: 0.001034
Checking detector protection. dv=0.00103
Checking detector "CDD". Protection Threshold: 0.5 (V)
SetMagnetDAC 5.87599366334 ===>> OK
Magnet settling time: 2.097 0.500
Magnet settling complete
set_dac. change=True
setting magnet DAC
current  : 5.875994
requested: 5.877028
Delta Dac: 0.001034
Checking detector protection. dv=0.00103
Checking detector "CDD". Protection Threshold: 0.5 (V)
SetMagnetDAC 5.8770281461 ===>> OK
Magnet settling time: 2.097 0.500
Magnet settling complete
set_dac. change=True
setting magnet DAC
current  : 5.877028
requested: 5.878063
Delta Dac: 0.001034
Checking detector protection. dv=0.00103
Checking detector "CDD". Protection Threshold: 0.5 (V)
SetMagnetDAC 5.87806262886 ===>> OK
Magnet settling time: 2.097 0.500
Magnet settling complete
set_dac. change=True
setting magnet DAC
current  : 5.878063
requested: 5.879097
Delta Dac: 0.001034
Checking detector protection. dv=0.00103
Checking detector "CDD". Protection Threshold: 0.5 (V)
SetMagnetDAC 5.87909711162 ===>> OK
Magnet settling time: 2.097 0.500
Magnet settling complete
set_dac. change=True
setting magnet DAC
current  : 5.879097
requested: 5.880132
Delta Dac: 0.001034
Checking detector protection. dv=0.00103
Checking detector "CDD". Protection Threshold: 0.5 (V)
SetMagnetDAC 5.88013159438 ===>> OK
Magnet settling time: 2.097 0.500
Magnet settling complete
set_dac. change=True
setting magnet DAC
current  : 5.880132
requested: 5.881166
Delta Dac: 0.001034
Checking detector protection. dv=0.00103
Checking detector "CDD". Protection Threshold: 0.5 (V)
SetMagnetDAC 5.88116607714 ===>> OK
Magnet settling time: 2.097 0.500
Magnet settling complete
set_dac. change=True
setting magnet DAC
current  : 5.881166
requested: 5.882201
Delta Dac: 0.001034
Checking detector protection. dv=0.00103
Checking detector "CDD". Protection Threshold: 0.5 (V)
SetMagnetDAC 5.8822005599 ===>> OK
Magnet settling time: 2.097 0.500
Magnet settling complete
set_dac. change=True
setting magnet DAC
current  : 5.882201
requested: 5.883235
Delta Dac: 0.001034
Checking detector protection. dv=0.00103
Checking detector "CDD". Protection Threshold: 0.5 (V)
SetMagnetDAC 5.88323504265 ===>> OK
Magnet settling time: 2.097 0.500
Magnet settling complete
set_dac. change=True
setting magnet DAC
current  : 5.883235
requested: 5.884270
Delta Dac: 0.001034
Checking detector protection. dv=0.00103
Checking detector "CDD". Protection Threshold: 0.5 (V)
SetMagnetDAC 5.88426952541 ===>> OK
Magnet settling time: 2.097 0.500
Magnet settling complete
set_dac. change=True
setting magnet DAC
current  : 5.884270
requested: 5.885304
Delta Dac: 0.001034
Checking detector protection. dv=0.00103
Checking detector "CDD". Protection Threshold: 0.5 (V)
SetMagnetDAC 5.88530400817 ===>> OK
Magnet settling time: 2.097 0.500
Magnet settling complete
set_dac. change=True
setting magnet DAC
current  : 5.885304
requested: 5.886338
Delta Dac: 0.001034
Checking detector protection. dv=0.00103
Checking detector "CDD". Protection Threshold: 0.5 (V)
SetMagnetDAC 5.88633849093 ===>> OK
Magnet settling time: 2.097 0.500
Magnet settling complete
set_dac. change=True
setting magnet DAC
current  : 5.886338
requested: 5.887373
Delta Dac: 0.001034
Checking detector protection. dv=0.00103
Checking detector "CDD". Protection Threshold: 0.5 (V)
SetMagnetDAC 5.88737297369 ===>> OK
Magnet settling time: 2.097 0.500
Magnet settling complete
set_dac. change=True
setting magnet DAC
current  : 5.887373
requested: 5.888407
Delta Dac: 0.001034
Checking detector protection. dv=0.00103
Checking detector "CDD". Protection Threshold: 0.5 (V)
SetMagnetDAC 5.88840745645 ===>> OK
Magnet settling time: 2.097 0.500
Magnet settling complete
set_dac. change=True
setting magnet DAC
current  : 5.888407
requested: 5.889442
Delta Dac: 0.001034
Checking detector protection. dv=0.00103
Checking detector "CDD". Protection Threshold: 0.5 (V)
SetMagnetDAC 5.88944193921 ===>> OK
Magnet settling time: 2.097 0.500
Magnet settling complete
set_dac. change=True
setting magnet DAC
current  : 5.889442
requested: 5.890476
Delta Dac: 0.001034
Checking detector protection. dv=0.00103
Checking detector "CDD". Protection Threshold: 0.5 (V)
SetMagnetDAC 5.89047642197 ===>> OK
Magnet settling time: 2.097 0.500
Magnet settling complete
set_dac. change=True
setting magnet DAC
current  : 5.890476
requested: 5.891511
Delta Dac: 0.001034
Checking detector protection. dv=0.00103
Checking detector "CDD". Protection Threshold: 0.5 (V)
SetMagnetDAC 5.89151090472 ===>> OK
Magnet settling time: 2.097 0.500
Magnet settling complete
set_dac. change=True
setting magnet DAC
current  : 5.891511
requested: 5.892545
Delta Dac: 0.001034
Checking detector protection. dv=0.00103
Checking detector "CDD". Protection Threshold: 0.5 (V)
SetMagnetDAC 5.89254538748 ===>> OK
Magnet settling time: 2.097 0.500
Magnet settling complete
set_dac. change=True
result of _do_sweep=True
result of _calculate_peak_center=([5.8696095157390449, 5.8773650267610886, 5.8851205377831324], [8.9180848321135038, 12.063493223230585, 8.9492750903383627], 5.8800403774624908, 12.063493223230585)
Failed to find a valid peak. No peak greater than 1.0. max = 0.0181239147701
new center pos Detector(H1) (Ar40) @ 5.87736502676
GetHighVoltage ===>> 4499.94659342336
GetDeflection H1 ===>> 0
dac uncorrected for HV and deflection 5.87739963822
update mftable H1 Ar40 5.87739963822 message=automated run peakcenter
get initial guess parabolic
get initial guess parabolic
get initial guess parabolic
get initial guess parabolic
get initial guess parabolic
get initial guess parabolic
dump mftable to /Users/jan/PychronDev/setupfiles/spectrometer/mftables/mftable.csv
add to repo msg=modified - automated run peakcenter
sweep finished
locally archiving mftable
setting magnet DAC
current  : 5.892545
requested: 5.877365
Delta Dac: 0.015180
Checking detector protection. dv=0.01518
Checking detector "CDD". Protection Threshold: 0.5 (V)
SetMagnetDAC 5.87736502676 ===>> OK
Magnet settling time: 0.500 0.500
Magnet settling complete
set_dac. change=True
Failed to find a valid peak. No peak greater than 1.0. max = 0.0181239147701
flush and close file /Users/jan/PychronDev/data/isotopes/7b/2e1d1c-e998-4e0c-9330-21903e818600.h5
finished measure script
executed snippet estimated_duration=555.96, duration=665.460669041
jan_co2_whiff_400_120_large.py completed successfully
Measurement Finished
07:02:20 -- ******* Measurement Finished *******
Post Measurement Started jan_pump_ms.py
07:02:20 -- ******* Post Measurement Started jan_pump_ms.py *******
testing...
no interpolation path defined
executed snippet estimated_duration=0, duration=3.50475311279e-05
Pumping spectrometer
open () {'name': 'O'}
open name=O desc=---
checking ownership. requestor=129.138.12.150
check software interlocks O
interlocks []
actuate state mode=None-script, software_lock=False
doing actuation None-script open_channel True
Open O ===>> OK
GetIndicatorState O ===>> OK
change switch state (True, True)
update switch state O True args=() kw={} ncanvase=7
07:02:20 -- OPEN   VALVE-O (Jan Ion Pump)
-------------------------- open O () result=[(True, True)]
action=open, ok=True, locked=[False]
executed snippet estimated_duration=0, duration=0.439107894897
jan_pump_ms.py completed successfully
setting _ms_pumptime
Post Measurement Finished
07:02:20 -- ******* Post Measurement Finished *******
$$$$$$$$$$$$$$$$$$$$ state at run end measurement
state changed from measurement to success
post measurement save measured=True aborted=False
Set filtering
setting fod for Ar41= {'filter_outliers': True, 'std_devs': 2, 'iterations': 1}
setting fod for H2= {'filter_outliers': True, 'std_devs': 2, 'iterations': 1}
setting fod for Ar40= {'filter_outliers': True, 'std_devs': 2, 'iterations': 1}
setting fod for H1= {'filter_outliers': True, 'std_devs': 2, 'iterations': 1}
setting fod for Ar36= {'filter_outliers': True, 'std_devs': 2, 'iterations': 1}
setting fod for CDD= {'filter_outliers': True, 'std_devs': 10, 'iterations': 1}
setting fod for Ar37= {'filter_outliers': True, 'std_devs': 2, 'iterations': 1}
setting fod for L2= {'filter_outliers': True, 'std_devs': 2, 'iterations': 1}
setting fod for Ar38= {'filter_outliers': True, 'std_devs': 2, 'iterations': 1}
setting fod for L1= {'filter_outliers': True, 'std_devs': 2, 'iterations': 1}
setting fod for Ar39= {'filter_outliers': True, 'std_devs': 2, 'iterations': 1}
setting fod for AX= {'filter_outliers': True, 'std_devs': 2, 'iterations': 1}
not connected to db mysql://janexp@129.138.12.160/labspy
Enviromentals: {'lab_humiditys': [{'device': 'EnvironmentalMonitor',
                    'name': 'Lab Hum.',
                    'pub_date': '2017-08-30T06:53:20',
                    'title': 'iServer Hum.',
                    'value': 53.3}],
 'lab_pneumatics': [{'device': 'AirPressure',
                     'name': 'Pressure',
                     'pub_date': '2017-08-30T07:01:34',
                     'title': None,
                     'value': 80.025},
                    {'device': 'AirPressure2',
                     'name': 'Pressure2',
                     'pub_date': '2017-08-30T07:01:37',
                     'title': None,
                     'value': 80.05582}],
 'lab_temperatures': [{'device': 'EnvironmentalMonitor',
                       'name': 'Lab Temp.',
                       'pub_date': '2017-08-30T05:21:55',
                       'title': 'iServer Temp.',
                       'value': 71.0},
                      {'device': 'Chiller',
                       'name': 'Coolant Temp.',
                       'pub_date': '2017-08-30T06:53:56',
                       'title': None,
                       'value': 18.0}]}
persistence save...
persistence save - db
post measurement save
6767504080 connecting to database sqlite://@/
connected to db sqlite://@/
create new session 6767504080
close session 6767504080
No database instance. Not saving post measurement to isotopedb database
$$$$$$$$$$$$$$$ auto_save_detector_ic=False
massspec enabled True
create new session 6022456528
MassSpec Database Version: 16.0
close session 6022456528
saving post measurement to secondary database
saving to massspec database 129.138.12.160/massspecdata
setting labnumber to 65797
setting aliquot to 39
setting step to 
setting uuid to 7b2e1d1c-e998-4e0c-9330-21903e818600
setting irradpos to 65797
setting extract_device to Fusions CO2
setting tray to 
setting position to 150
setting power_requested to 4.5
setting extract_value to 4.5
setting duration to 30.0
setting duration_at_request to 30.0
setting first_stage_delay to 30.0
setting cleanup to 30.0
setting comment to C:21
setting irradiation to NM-291
setting level to C
setting irradiation_level to C
setting sample to 9-20-16B
setting material to DetritalSanidine
setting project to IR984
setting mass_spectrometer to Jan
no attribute chron_dosages
no attribute production_ratios
no attribute interference_corrections
no attribute production_name
no attribute j
Reference Isotope=Ar40
Reference Detector=H1
%%%%%%%%%%%%%%%%%%%% Comment: C:21 %%%%%%%%%%%%%%%%%%%
adding isotope Ar41 H2
add baseline dbdet= Ar41. original det= H2
get baseline data Ar41 H2
Get data baseline <pychron.processing.isotope.Baseline object at 0x1f11e9050> len t=120
baseline Ar41. v=-0.0943824828317, e=0.00304072107408
get signal data Ar41 H2
Get data signal Ar41 0.0244+/-0.0020 len t=398
adding isotope Ar40 H1
add baseline dbdet= Ar40. original det= H1
get baseline data Ar40 H1
Get data baseline <pychron.processing.isotope.Baseline object at 0x1f11e99d0> len t=120
baseline Ar40. v=0.0850451188544, e=0.00360403273937
get signal data Ar40 H1
Get data signal Ar40 6.204+/-0.014 len t=398
adding isotope Ar39 AX
add baseline dbdet= Ar39. original det= AX
get baseline data Ar39 AX
Get data baseline <pychron.processing.isotope.Baseline object at 0x1f11e9bd0> len t=120
baseline Ar39. v=0.0818591103184, e=0.00490841627747
get signal data Ar39 AX
Get data signal Ar39 8.883+/-0.006 len t=398
adding isotope Ar38 L1
add baseline dbdet= Ar38. original det= L1
get baseline data Ar38 L1
Get data baseline <pychron.processing.isotope.Baseline object at 0x1b67fae50> len t=120
baseline Ar38. v=-0.028721672026, e=0.0018933310488
get signal data Ar38 L1
Get data signal Ar38 0.1205+/-0.0023 len t=398
adding isotope Ar37 L2
add baseline dbdet= Ar37. original det= L2
get baseline data Ar37 L2
Get data baseline <pychron.processing.isotope.Baseline object at 0x1b67fadd0> len t=120
baseline Ar37. v=-0.00133383115307, e=0.00419891316019
get signal data Ar37 L2
Get data signal Ar37 0.069+/-0.005 len t=398
adding isotope Ar36 CDD
add baseline dbdet= Ar36. original det= CDD
get baseline data Ar36 CDD
Get data baseline <pychron.processing.isotope.Baseline object at 0x1b67faf90> len t=120
baseline Ar36. v=8.65346445309e-06, e=3.18718105353e-06
get signal data Ar36 CDD
Get data signal Ar36 0.00834+/-0.00014 len t=398
65797-39 added analysis time 1.44933390617s
analysis added to mass spec database
mass spec save time= 1.620
persistence save - dvc
================= post measurement started
create new session 4935214768
close session 4935214768
---------------- Experiment Queue saving disabled
DVC saving peakcenter
Failed to find a valid peak. No peak greater than 1.0. max = 0.0181239147701
Smart pull ahead: 0 behind: 0
Up-to-date with origin
add to repo msg=modified - ad8224ebc6dbfeb9f5997218dfa5fe690569839d.json
add to repo msg=modified - 97-39.json
add to repo msg=modified - 97-39.dat.json
add to repo msg=modified - 97-39.blan.json
add to repo msg=modified - 97-39.inte.json
add to repo msg=modified - 97-39.icfa.json
add to repo msg=modified - 97-39.base.json
not at valid file /Users/jan/PychronDev/data/.dvc/repositories/IR984/657/tags/97-39.tags.json
add to repo msg=modified - 97-39.peak.json
add to repo msg=modified - 97-39.extr.json
not at valid file /Users/jan/PychronDev/data/.dvc/repositories/IR984/657/monitor/97-39.moni.json
commit message=<COLLECTION>
add to repo msg=modified - 97-39.inte.json
add to repo msg=modified - 97-39.base.json
commit message=<ISOEVO> default collection fits
add to repo msg=modified - 97-39.blan.json
commit message=<BLANKS> preceding bc-02-J-902
add to repo msg=modified - 97-39.icfa.json
commit message=<ICFactor> default
push repository <pychron.git_archive.repo_manager.GitRepoManager object at 0x190e8a0b0>
pushing to remote=origin, url=https://github.com
no changes to meta repo
create new session 4935214768
add association IR984
get identifier "65797"
setting analysis irradiation position=<pychron.dvc.dvc_orm.IrradiationPositionTbl object at 0x1c710c850>
close session 4935214768
================= post measurement finished
07:02:38 -- ******* Post Run Check *******
loading queue conditionals post_run_actions
loading system conditionals post_run_actions
loading conditionals from /Users/jan/PychronDev/setupfiles/spectrometer/default_conditionals.yaml
loading queue conditionals post_run_terminations
loading system conditionals post_run_terminations
loading conditionals from /Users/jan/PychronDev/setupfiles/spectrometer/default_conditionals.yaml
Checking default post run terminations n=1
GetDeflection CDD ===>> 50
testing CDD==2000
evaluate ot="CDD.deflection==2000" t="CDD==2000", ctx="{'CDD': 50.0}"
07:02:38 -- ******* Post Run Check Passed *******
07:02:38 -- Automated run 65797-39 success duration: 769.967 s
----------------- finish -----------------
----------------- stop -----------------
retroactive repository identifiers disabled
finish run. runs completed=52
update duration runid=65797-39, duration=769.96748209, md5=965a078a
loading script "jan_co2_whiff_400_120_large.py"
loading script "jan_pump_ms.py"
loading script "jan_co2.py"
loading script "jan_pump_extraction_line.py"
testing...
no interpolation path defined
executed snippet estimated_duration=543.96, duration=0.000251054763794
script duration name:co2_whiff_400_120_large seconds:544.0
loading script "jan_co2_whiff_400_120_large.py"
loading script "jan_pump_ms.py"
loading script "jan_co2.py"
loading script "jan_pump_extraction_line.py"
testing...
no interpolation path defined
executed snippet estimated_duration=0, duration=2.90870666504e-05
loading script "jan_co2_whiff_400_120_large.py"
loading script "jan_pump_ms.py"
loading script "jan_co2.py"
loading script "jan_pump_extraction_line.py"
testing...
no interpolation path defined
calculate duration
testing...
no interpolation path defined
executed snippet estimated_duration=0, duration=5.50746917725e-05
calculate duration
testing...
no interpolation path defined
executed snippet estimated_duration=0, duration=0.000113964080811
executed snippet estimated_duration=0.0, duration=0.00582098960876
script duration name:co2 seconds:0.0
loading script "jan_co2_whiff_400_120_large.py"
loading script "jan_pump_ms.py"
loading script "jan_co2.py"
loading script "jan_pump_extraction_line.py"
testing...
no interpolation path defined
calculate duration
testing...
no interpolation path defined
executed snippet estimated_duration=4.0, duration=0.00017786026001
executed snippet estimated_duration=4.0, duration=0.00204086303711
Script duration 544.0
Run total estimated duration= 545.000
loading script "jan_unknown400_120.py"
loading script "jan_pump_ms.py"
loading script "jan_co2.py"
loading script "jan_pump_extraction_line.py"
testing...
no interpolation path defined
executed snippet estimated_duration=539.8, duration=0.00023078918457
script duration name:unknown400_120 seconds:540.0
pump_ms in script context. using previous estimated duration
co2 in script context. using previous estimated duration
script duration name:co2 seconds:0.0
pump_extraction_line in script context. using previous estimated duration
Script duration 540.0
Run total estimated duration= 541.000
loading script "jan_unknown120_60.py"
loading script "jan_pump_ms.py"
loading script "jan_cocktail_x1.py"
loading script "jan_pump_extraction_line.py"
testing...
no interpolation path defined
executed snippet estimated_duration=197.4, duration=0.000170946121216
script duration name:unknown120_60 seconds:197.0
loading script "jan_unknown120_60.py"
loading script "jan_pump_ms.py"
loading script "jan_cocktail_x1.py"
loading script "jan_pump_extraction_line.py"
testing...
no interpolation path defined
calculate duration
testing...
no interpolation path defined
executed snippet estimated_duration=0, duration=5.29289245605e-05
calculate duration
testing...
no interpolation path defined
executed snippet estimated_duration=0, duration=0.000119924545288
calculate duration
testing...
no interpolation path defined
executed snippet estimated_duration=32.0, duration=9.98973846436e-05
calculate duration
testing...
no interpolation path defined
executed snippet estimated_duration=34.0, duration=0.00016188621521
calculate duration
testing...
no interpolation path defined
executed snippet estimated_duration=4.0, duration=6.69956207275e-05
calculate duration
testing...
no interpolation path defined
executed snippet estimated_duration=38.0, duration=9.67979431152e-05
executed snippet estimated_duration=108.0, duration=0.0123071670532
script duration name:cocktail_x1 seconds:108.0
Script duration 305.0
Run total estimated duration= 306.000
co2_whiff_400_120_large in script context. using previous estimated duration
script duration name:co2_whiff_400_120_large seconds:544.0
script duration name:co2 seconds:0.0
Script duration 544.0
Run total estimated duration= 545.000
script duration name:co2_whiff_400_120_large seconds:544.0
script duration name:co2 seconds:0.0
Script duration 544.0
Run total estimated duration= 545.000
script duration name:co2_whiff_400_120_large seconds:544.0
script duration name:co2 seconds:0.0
Script duration 544.0
Run total estimated duration= 545.000
script duration name:co2_whiff_400_120_large seconds:544.0
script duration name:co2 seconds:0.0
Script duration 544.0
Run total estimated duration= 545.000
script duration name:co2_whiff_400_120_large seconds:544.0
script duration name:co2 seconds:0.0
Script duration 544.0
Run total estimated duration= 545.000
script duration name:co2_whiff_400_120_large seconds:544.0
script duration name:co2 seconds:0.0
Script duration 544.0
Run total estimated duration= 545.000
script duration name:co2_whiff_400_120_large seconds:544.0
script duration name:co2 seconds:0.0
Script duration 544.0
Run total estimated duration= 545.000
script duration name:co2_whiff_400_120_large seconds:544.0
script duration name:co2 seconds:0.0
Script duration 544.0
Run total estimated duration= 545.000
script duration name:co2_whiff_400_120_large seconds:544.0
script duration name:co2 seconds:0.0
Script duration 544.0
Run total estimated duration= 545.000
script duration name:co2_whiff_400_120_large seconds:544.0
script duration name:co2 seconds:0.0
Script duration 544.0
Run total estimated duration= 545.000
script duration name:co2_whiff_400_120_large seconds:544.0
script duration name:co2 seconds:0.0
Script duration 544.0
Run total estimated duration= 545.000
script duration name:co2_whiff_400_120_large seconds:544.0
script duration name:co2 seconds:0.0
Script duration 544.0
Run total estimated duration= 545.000
script duration name:co2_whiff_400_120_large seconds:544.0
script duration name:co2 seconds:0.0
Script duration 544.0
Run total estimated duration= 545.000
script duration name:co2_whiff_400_120_large seconds:544.0
script duration name:co2 seconds:0.0
Script duration 544.0
Run total estimated duration= 545.000
script duration name:co2_whiff_400_120_large seconds:544.0
script duration name:co2 seconds:0.0
Script duration 544.0
Run total estimated duration= 545.000
script duration name:co2_whiff_400_120_large seconds:544.0
script duration name:co2 seconds:0.0
Script duration 544.0
Run total estimated duration= 545.000
script duration name:co2_whiff_400_120_large seconds:544.0
script duration name:co2 seconds:0.0
Script duration 544.0
Run total estimated duration= 545.000
script duration name:co2_whiff_400_120_large seconds:544.0
script duration name:co2 seconds:0.0
Script duration 544.0
Run total estimated duration= 545.000
script duration name:co2_whiff_400_120_large seconds:544.0
script duration name:co2 seconds:0.0
Script duration 544.0
Run total estimated duration= 545.000
script duration name:co2_whiff_400_120_large seconds:544.0
script duration name:co2 seconds:0.0
Script duration 544.0
Run total estimated duration= 545.000
unknown400_120 in script context. using previous estimated duration
script duration name:unknown400_120 seconds:540.0
script duration name:co2 seconds:0.0
Script duration 540.0
Run total estimated duration= 541.000
script duration name:unknown400_120 seconds:540.0
loading script "jan_unknown400_120.py"
loading script "jan_pump_ms.py"
loading script "jan_sniffair_x2.py"
loading script "jan_pump_extraction_line.py"
testing...
no interpolation path defined
calculate duration
testing...
no interpolation path defined
executed snippet estimated_duration=0, duration=5.00679016113e-05
calculate duration
testing...
no interpolation path defined
executed snippet estimated_duration=0, duration=0.000152111053467
calculate duration
testing...
no interpolation path defined
executed snippet estimated_duration=32.0, duration=9.29832458496e-05
calculate duration
testing...
no interpolation path defined
executed snippet estimated_duration=34.0, duration=0.000135183334351
calculate duration
testing...
no interpolation path defined
executed snippet estimated_duration=4.0, duration=7.91549682617e-05
calculate duration
testing...
no interpolation path defined
executed snippet estimated_duration=36.0, duration=0.000108957290649
calculate duration
testing...
no interpolation path defined
executed snippet estimated_duration=34.0, duration=0.000113964080811
calculate duration
testing...
no interpolation path defined
executed snippet estimated_duration=4.0, duration=6.69956207275e-05
calculate duration
testing...
no interpolation path defined
executed snippet estimated_duration=36.0, duration=0.000101804733276
calculate duration
testing...
no interpolation path defined
executed snippet estimated_duration=70.0, duration=0.000113010406494
executed snippet estimated_duration=250.0, duration=0.037486076355
script duration name:sniffair_x2 seconds:250.0
Script duration 790.0
Run total estimated duration= 791.000
script duration name:unknown400_120 seconds:540.0
sniffair_x2 in script context. using previous estimated duration
script duration name:sniffair_x2 seconds:250.0
Script duration 790.0
Run total estimated duration= 791.000
script duration name:unknown400_120 seconds:540.0
cocktail_x1 in script context. using previous estimated duration
script duration name:cocktail_x1 seconds:108.0
Script duration 648.0
Run total estimated duration= 649.000
unknown120_60 in script context. using previous estimated duration
script duration name:unknown120_60 seconds:197.0
script duration name:cocktail_x1 seconds:108.0
Script duration 305.0
Run total estimated duration= 306.000
script duration name:co2_whiff_400_120_large seconds:544.0
script duration name:co2 seconds:0.0
Script duration 544.0
Run total estimated duration= 545.000
script duration name:co2_whiff_400_120_large seconds:544.0
script duration name:co2 seconds:0.0
Script duration 544.0
Run total estimated duration= 545.000
script duration name:co2_whiff_400_120_large seconds:544.0
script duration name:co2 seconds:0.0
Script duration 544.0
Run total estimated duration= 545.000
script duration name:co2_whiff_400_120_large seconds:544.0
script duration name:co2 seconds:0.0
Script duration 544.0
Run total estimated duration= 545.000
script duration name:co2_whiff_400_120_large seconds:544.0
script duration name:co2 seconds:0.0
Script duration 544.0
Run total estimated duration= 545.000
script duration name:co2_whiff_400_120_large seconds:544.0
script duration name:co2 seconds:0.0
Script duration 544.0
Run total estimated duration= 545.000
script duration name:co2_whiff_400_120_large seconds:544.0
script duration name:co2 seconds:0.0
Script duration 544.0
Run total estimated duration= 545.000
script duration name:co2_whiff_400_120_large seconds:544.0
script duration name:co2 seconds:0.0
Script duration 544.0
Run total estimated duration= 545.000
script duration name:co2_whiff_400_120_large seconds:544.0
script duration name:co2 seconds:0.0
Script duration 544.0
Run total estimated duration= 545.000
script duration name:co2_whiff_400_120_large seconds:544.0
script duration name:co2 seconds:0.0
Script duration 544.0
Run total estimated duration= 545.000
script duration name:co2_whiff_400_120_large seconds:544.0
script duration name:co2 seconds:0.0
Script duration 544.0
Run total estimated duration= 545.000
script duration name:co2_whiff_400_120_large seconds:544.0
script duration name:co2 seconds:0.0
Script duration 544.0
Run total estimated duration= 545.000
script duration name:co2_whiff_400_120_large seconds:544.0
script duration name:co2 seconds:0.0
Script duration 544.0
Run total estimated duration= 545.000
script duration name:co2_whiff_400_120_large seconds:544.0
script duration name:co2 seconds:0.0
Script duration 544.0
Run total estimated duration= 545.000
script duration name:co2_whiff_400_120_large seconds:544.0
script duration name:co2 seconds:0.0
Script duration 544.0
Run total estimated duration= 545.000
script duration name:co2_whiff_400_120_large seconds:544.0
script duration name:co2 seconds:0.0
Script duration 544.0
Run total estimated duration= 545.000
script duration name:co2_whiff_400_120_large seconds:544.0
script duration name:co2 seconds:0.0
Script duration 544.0
Run total estimated duration= 545.000
script duration name:co2_whiff_400_120_large seconds:544.0
script duration name:co2 seconds:0.0
Script duration 544.0
Run total estimated duration= 545.000
script duration name:co2_whiff_400_120_large seconds:544.0
script duration name:co2 seconds:0.0
Script duration 544.0
Run total estimated duration= 545.000
script duration name:co2_whiff_400_120_large seconds:544.0
script duration name:co2 seconds:0.0
Script duration 544.0
Run total estimated duration= 545.000
script duration name:co2_whiff_400_120_large seconds:544.0
script duration name:co2 seconds:0.0
Script duration 544.0
Run total estimated duration= 545.000
script duration name:co2_whiff_400_120_large seconds:544.0
script duration name:co2 seconds:0.0
Script duration 544.0
Run total estimated duration= 545.000
script duration name:unknown400_120 seconds:540.0
script duration name:co2 seconds:0.0
Script duration 540.0
Run total estimated duration= 541.000
script duration name:unknown120_60 seconds:197.0
script duration name:cocktail_x1 seconds:108.0
Script duration 305.0
Run total estimated duration= 306.000
script duration name:co2_whiff_400_120_large seconds:544.0
script duration name:co2 seconds:0.0
Script duration 544.0
Run total estimated duration= 545.000
script duration name:co2_whiff_400_120_large seconds:544.0
script duration name:co2 seconds:0.0
Script duration 544.0
Run total estimated duration= 545.000
script duration name:co2_whiff_400_120_large seconds:544.0
script duration name:co2 seconds:0.0
Script duration 544.0
Run total estimated duration= 545.000
script duration name:co2_whiff_400_120_large seconds:544.0
script duration name:co2 seconds:0.0
Script duration 544.0
Run total estimated duration= 545.000
script duration name:co2_whiff_400_120_large seconds:544.0
script duration name:co2 seconds:0.0
Script duration 544.0
Run total estimated duration= 545.000
script duration name:co2_whiff_400_120_large seconds:544.0
script duration name:co2 seconds:0.0
Script duration 544.0
Run total estimated duration= 545.000
script duration name:co2_whiff_400_120_large seconds:544.0
script duration name:co2 seconds:0.0
Script duration 544.0
Run total estimated duration= 545.000
script duration name:co2_whiff_400_120_large seconds:544.0
script duration name:co2 seconds:0.0
Script duration 544.0
Run total estimated duration= 545.000
script duration name:co2_whiff_400_120_large seconds:544.0
script duration name:co2 seconds:0.0
Script duration 544.0
Run total estimated duration= 545.000
script duration name:co2_whiff_400_120_large seconds:544.0
script duration name:co2 seconds:0.0
Script duration 544.0
Run total estimated duration= 545.000
script duration name:co2_whiff_400_120_large seconds:544.0
script duration name:co2 seconds:0.0
Script duration 544.0
Run total estimated duration= 545.000
script duration name:co2_whiff_400_120_large seconds:544.0
script duration name:co2 seconds:0.0
Script duration 544.0
Run total estimated duration= 545.000
script duration name:co2_whiff_400_120_large seconds:544.0
script duration name:co2 seconds:0.0
Script duration 544.0
Run total estimated duration= 545.000
script duration name:co2_whiff_400_120_large seconds:544.0
script duration name:co2 seconds:0.0
Script duration 544.0
Run total estimated duration= 545.000
script duration name:co2_whiff_400_120_large seconds:544.0
script duration name:co2 seconds:0.0
Script duration 544.0
Run total estimated duration= 545.000
script duration name:co2_whiff_400_120_large seconds:544.0
script duration name:co2 seconds:0.0
Script duration 544.0
Run total estimated duration= 545.000
script duration name:co2_whiff_400_120_large seconds:544.0
script duration name:co2 seconds:0.0
Script duration 544.0
Run total estimated duration= 545.000
script duration name:co2_whiff_400_120_large seconds:544.0
script duration name:co2 seconds:0.0
Script duration 544.0
Run total estimated duration= 545.000
script duration name:co2_whiff_400_120_large seconds:544.0
script duration name:co2 seconds:0.0
Script duration 544.0
Run total estimated duration= 545.000
script duration name:co2_whiff_400_120_large seconds:544.0
script duration name:co2 seconds:0.0
Script duration 544.0
Run total estimated duration= 545.000
script duration name:co2_whiff_400_120_large seconds:544.0
script duration name:co2 seconds:0.0
Script duration 544.0
Run total estimated duration= 545.000
script duration name:co2_whiff_400_120_large seconds:544.0
script duration name:co2 seconds:0.0
Script duration 544.0
Run total estimated duration= 545.000
script duration name:co2_whiff_400_120_large seconds:544.0
script duration name:co2 seconds:0.0
Script duration 544.0
Run total estimated duration= 545.000
script duration name:co2_whiff_400_120_large seconds:544.0
script duration name:co2 seconds:0.0
Script duration 544.0
Run total estimated duration= 545.000
script duration name:co2_whiff_400_120_large seconds:544.0
script duration name:co2 seconds:0.0
Script duration 544.0
Run total estimated duration= 545.000
script duration name:co2_whiff_400_120_large seconds:544.0
script duration name:co2 seconds:0.0
Script duration 544.0
Run total estimated duration= 545.000
script duration name:co2_whiff_400_120_large seconds:544.0
script duration name:co2 seconds:0.0
Script duration 544.0
Run total estimated duration= 545.000
script duration name:co2_whiff_400_120_large seconds:544.0
script duration name:co2 seconds:0.0
Script duration 544.0
Run total estimated duration= 545.000
script duration name:unknown400_120 seconds:540.0
script duration name:co2 seconds:0.0
Script duration 540.0
Run total estimated duration= 541.000
script duration name:unknown400_120 seconds:540.0
script duration name:sniffair_x2 seconds:250.0
Script duration 790.0
Run total estimated duration= 791.000
script duration name:unknown400_120 seconds:540.0
script duration name:sniffair_x2 seconds:250.0
Script duration 790.0
Run total estimated duration= 791.000
script duration name:unknown400_120 seconds:540.0
script duration name:cocktail_x1 seconds:108.0
Script duration 648.0
Run total estimated duration= 649.000
script duration name:unknown120_60 seconds:197.0
script duration name:cocktail_x1 seconds:108.0
Script duration 305.0
Run total estimated duration= 306.000
nruns=85 before=5.0, run_dur=46545.0, btw=2280.0
write rem/ex queues
/Users/jan/PychronDev/experiments/rem/CurrentExperiment.rem.txt
/Users/jan/PychronDev/experiments/rem/CurrentExperiment.ex.txt
doing event level: 3
add run
